TN:
SF:controllers\address.controller.js
FN:22,(anonymous_0)
FN:68,(anonymous_1)
FN:140,(anonymous_2)
FN:244,(anonymous_3)
FN:349,(anonymous_4)
FN:428,(anonymous_5)
FNF:6
FNH:0
FNDA:0,(anonymous_0)
FNDA:0,(anonymous_1)
FNDA:0,(anonymous_2)
FNDA:0,(anonymous_3)
FNDA:0,(anonymous_4)
FNDA:0,(anonymous_5)
DA:1,0
DA:2,0
DA:22,0
DA:23,0
DA:24,0
DA:26,0
DA:34,0
DA:39,0
DA:40,0
DA:68,0
DA:69,0
DA:70,0
DA:71,0
DA:73,0
DA:80,0
DA:81,0
DA:87,0
DA:92,0
DA:93,0
DA:140,0
DA:141,0
DA:143,0
DA:144,0
DA:154,0
DA:157,0
DA:158,0
DA:159,0
DA:166,0
DA:167,0
DA:176,0
DA:191,0
DA:193,0
DA:199,0
DA:200,0
DA:201,0
DA:244,0
DA:245,0
DA:247,0
DA:248,0
DA:249,0
DA:259,0
DA:262,0
DA:270,0
DA:271,0
DA:272,0
DA:279,0
DA:280,0
DA:293,0
DA:294,0
DA:295,0
DA:296,0
DA:297,0
DA:298,0
DA:299,0
DA:300,0
DA:301,0
DA:303,0
DA:308,0
DA:310,0
DA:312,0
DA:318,0
DA:319,0
DA:320,0
DA:349,0
DA:350,0
DA:352,0
DA:353,0
DA:354,0
DA:357,0
DA:365,0
DA:366,0
DA:367,0
DA:374,0
DA:375,0
DA:384,0
DA:385,0
DA:389,0
DA:390,0
DA:392,0
DA:397,0
DA:398,0
DA:399,0
DA:428,0
DA:429,0
DA:431,0
DA:432,0
DA:433,0
DA:436,0
DA:444,0
DA:445,0
DA:446,0
DA:453,0
DA:465,0
DA:467,0
DA:469,0
DA:474,0
DA:475,0
DA:476,0
DA:484,0
LF:99
LH:0
BRDA:80,0,0,0
BRDA:80,0,1,0
BRDA:152,1,0,0
BRDA:157,2,0,0
BRDA:157,2,1,0
BRDA:157,3,0,0
BRDA:157,3,1,0
BRDA:157,3,2,0
BRDA:157,3,3,0
BRDA:166,4,0,0
BRDA:166,4,1,0
BRDA:179,5,0,0
BRDA:179,5,1,0
BRDA:184,6,0,0
BRDA:184,6,1,0
BRDA:186,7,0,0
BRDA:186,7,1,0
BRDA:270,8,0,0
BRDA:270,8,1,0
BRDA:279,9,0,0
BRDA:279,9,1,0
BRDA:294,10,0,0
BRDA:294,10,1,0
BRDA:295,11,0,0
BRDA:295,11,1,0
BRDA:296,12,0,0
BRDA:296,12,1,0
BRDA:297,13,0,0
BRDA:297,13,1,0
BRDA:298,14,0,0
BRDA:298,14,1,0
BRDA:299,15,0,0
BRDA:299,15,1,0
BRDA:300,16,0,0
BRDA:300,16,1,0
BRDA:301,17,0,0
BRDA:301,17,1,0
BRDA:365,18,0,0
BRDA:365,18,1,0
BRDA:374,19,0,0
BRDA:374,19,1,0
BRDA:384,20,0,0
BRDA:384,20,1,0
BRDA:444,21,0,0
BRDA:444,21,1,0
BRF:45
BRH:0
end_of_record
TN:
SF:controllers\auth.controller.js
FN:12,(anonymous_0)
FN:20,(anonymous_1)
FN:25,(anonymous_2)
FN:39,(anonymous_3)
FN:98,(anonymous_4)
FN:206,(anonymous_5)
FN:373,(anonymous_6)
FN:383,(anonymous_7)
FN:385,(anonymous_8)
FN:445,(anonymous_9)
FN:452,(anonymous_10)
FN:527,(anonymous_11)
FN:582,(anonymous_12)
FN:703,(anonymous_13)
FN:759,(anonymous_14)
FN:852,(anonymous_15)
FN:907,(anonymous_16)
FN:987,(anonymous_17)
FN:1101,(anonymous_18)
FN:1174,(anonymous_19)
FN:1232,(anonymous_20)
FN:1313,(anonymous_21)
FN:1381,(anonymous_22)
FNF:23
FNH:0
FNDA:0,(anonymous_0)
FNDA:0,(anonymous_1)
FNDA:0,(anonymous_2)
FNDA:0,(anonymous_3)
FNDA:0,(anonymous_4)
FNDA:0,(anonymous_5)
FNDA:0,(anonymous_6)
FNDA:0,(anonymous_7)
FNDA:0,(anonymous_8)
FNDA:0,(anonymous_9)
FNDA:0,(anonymous_10)
FNDA:0,(anonymous_11)
FNDA:0,(anonymous_12)
FNDA:0,(anonymous_13)
FNDA:0,(anonymous_14)
FNDA:0,(anonymous_15)
FNDA:0,(anonymous_16)
FNDA:0,(anonymous_17)
FNDA:0,(anonymous_18)
FNDA:0,(anonymous_19)
FNDA:0,(anonymous_20)
FNDA:0,(anonymous_21)
FNDA:0,(anonymous_22)
DA:1,0
DA:2,0
DA:3,0
DA:4,0
DA:5,0
DA:6,0
DA:7,0
DA:8,0
DA:9,0
DA:12,0
DA:13,0
DA:14,0
DA:15,0
DA:16,0
DA:20,0
DA:21,0
DA:25,0
DA:26,0
DA:27,0
DA:30,0
DA:39,0
DA:40,0
DA:43,0
DA:45,0
DA:53,0
DA:59,0
DA:98,0
DA:99,0
DA:100,0
DA:103,0
DA:113,0
DA:114,0
DA:115,0
DA:120,0
DA:121,0
DA:129,0
DA:130,0
DA:132,0
DA:147,0
DA:148,0
DA:149,0
DA:157,0
DA:160,0
DA:161,0
DA:168,0
DA:172,0
DA:174,0
DA:175,0
DA:206,0
DA:207,0
DA:210,0
DA:211,0
DA:216,0
DA:218,0
DA:221,0
DA:235,0
DA:236,0
DA:237,0
DA:241,0
DA:242,0
DA:243,0
DA:257,0
DA:258,0
DA:259,0
DA:260,0
DA:268,0
DA:273,0
DA:274,0
DA:275,0
DA:282,0
DA:293,0
DA:296,0
DA:299,0
DA:302,0
DA:304,0
DA:322,0
DA:323,0
DA:325,0
DA:328,0
DA:331,0
DA:337,0
DA:373,0
DA:374,0
DA:375,0
DA:378,0
DA:379,0
DA:383,0
DA:385,0
DA:386,0
DA:387,0
DA:388,0
DA:391,0
DA:392,0
DA:396,0
DA:397,0
DA:401,0
DA:403,0
DA:404,0
DA:409,0
DA:410,0
DA:445,0
DA:446,0
DA:447,0
DA:448,0
DA:451,0
DA:452,0
DA:455,0
DA:456,0
DA:457,0
DA:462,0
DA:468,0
DA:469,0
DA:473,0
DA:486,0
DA:488,0
DA:496,0
DA:501,0
DA:502,0
DA:504,0
DA:527,0
DA:528,0
DA:529,0
DA:541,0
DA:548,0
DA:549,0
DA:554,0
DA:582,0
DA:583,0
DA:585,0
DA:586,0
DA:591,0
DA:595,0
DA:599,0
DA:600,0
DA:604,0
DA:605,0
DA:609,0
DA:610,0
DA:611,0
DA:612,0
DA:614,0
DA:615,0
DA:624,0
DA:625,0
DA:627,0
DA:629,0
DA:636,0
DA:639,0
DA:640,0
DA:647,0
DA:651,0
DA:658,0
DA:663,0
DA:666,0
DA:667,0
DA:671,0
DA:703,0
DA:704,0
DA:705,0
DA:707,0
DA:710,0
DA:711,0
DA:715,0
DA:716,0
DA:720,0
DA:721,0
DA:722,0
DA:725,0
DA:727,0
DA:729,0
DA:730,0
DA:732,0
DA:759,0
DA:760,0
DA:762,0
DA:763,0
DA:766,0
DA:768,0
DA:770,0
DA:776,0
DA:777,0
DA:778,0
DA:786,0
DA:787,0
DA:788,0
DA:789,0
DA:792,0
DA:798,0
DA:805,0
DA:808,0
DA:810,0
DA:817,0
DA:821,0
DA:824,0
DA:828,0
DA:829,0
DA:831,0
DA:852,0
DA:853,0
DA:855,0
DA:856,0
DA:865,0
DA:872,0
DA:873,0
DA:907,0
DA:908,0
DA:909,0
DA:911,0
DA:912,0
DA:917,0
DA:918,0
DA:919,0
DA:923,0
DA:924,0
DA:926,0
DA:927,0
DA:931,0
DA:933,0
DA:934,0
DA:938,0
DA:941,0
DA:942,0
DA:944,0
DA:949,0
DA:951,0
DA:952,0
DA:954,0
DA:987,0
DA:988,0
DA:989,0
DA:990,0
DA:992,0
DA:993,0
DA:997,0
DA:998,0
DA:999,0
DA:1002,0
DA:1005,0
DA:1006,0
DA:1007,0
DA:1011,0
DA:1012,0
DA:1016,0
DA:1017,0
DA:1018,0
DA:1019,0
DA:1022,0
DA:1030,0
DA:1031,0
DA:1042,0
DA:1047,0
DA:1048,0
DA:1055,0
DA:1059,0
DA:1069,0
DA:1071,0
DA:1072,0
DA:1074,0
DA:1101,0
DA:1102,0
DA:1103,0
DA:1105,0
DA:1106,0
DA:1109,0
DA:1115,0
DA:1116,0
DA:1120,0
DA:1121,0
DA:1122,0
DA:1126,0
DA:1127,0
DA:1131,0
DA:1136,0
DA:1145,0
DA:1147,0
DA:1148,0
DA:1150,0
DA:1174,0
DA:1175,0
DA:1176,0
DA:1178,0
DA:1180,0
DA:1181,0
DA:1185,0
DA:1192,0
DA:1197,0
DA:1199,0
DA:1200,0
DA:1202,0
DA:1232,0
DA:1233,0
DA:1234,0
DA:1236,0
DA:1238,0
DA:1239,0
DA:1242,0
DA:1243,0
DA:1246,0
DA:1247,0
DA:1251,0
DA:1254,0
DA:1255,0
DA:1259,0
DA:1268,0
DA:1270,0
DA:1279,0
DA:1281,0
DA:1282,0
DA:1284,0
DA:1313,0
DA:1314,0
DA:1315,0
DA:1317,0
DA:1319,0
DA:1320,0
DA:1323,0
DA:1324,0
DA:1328,0
DA:1336,0
DA:1338,0
DA:1346,0
DA:1348,0
DA:1349,0
DA:1351,0
DA:1381,0
DA:1382,0
DA:1383,0
DA:1384,0
DA:1385,0
DA:1387,0
DA:1398,0
DA:1407,0
DA:1409,0
DA:1410,0
DA:1412,0
LF:335
LH:0
BRDA:26,0,0,0
BRDA:26,0,1,0
BRDA:31,1,0,0
BRDA:31,1,1,0
BRDA:33,2,0,0
BRDA:33,2,1,0
BRDA:113,3,0,0
BRDA:113,3,1,0
BRDA:114,4,0,0
BRDA:114,4,1,0
BRDA:120,5,0,0
BRDA:120,5,1,0
BRDA:148,6,0,0
BRDA:148,6,1,0
BRDA:210,7,0,0
BRDA:210,7,1,0
BRDA:210,8,0,0
BRDA:210,8,1,0
BRDA:235,9,0,0
BRDA:235,9,1,0
BRDA:236,10,0,0
BRDA:236,10,1,0
BRDA:241,11,0,0
BRDA:241,11,1,0
BRDA:242,12,0,0
BRDA:242,12,1,0
BRDA:258,13,0,0
BRDA:258,13,1,0
BRDA:259,14,0,0
BRDA:259,14,1,0
BRDA:273,15,0,0
BRDA:273,15,1,0
BRDA:274,16,0,0
BRDA:274,16,1,0
BRDA:315,17,0,0
BRDA:315,17,1,0
BRDA:323,18,0,0
BRDA:323,18,1,0
BRDA:323,19,0,0
BRDA:323,19,1,0
BRDA:323,19,2,0
BRDA:323,19,3,0
BRDA:378,20,0,0
BRDA:378,20,1,0
BRDA:378,21,0,0
BRDA:378,21,1,0
BRDA:387,22,0,0
BRDA:387,22,1,0
BRDA:391,23,0,0
BRDA:391,23,1,0
BRDA:392,24,0,0
BRDA:392,24,1,0
BRDA:396,25,0,0
BRDA:396,25,1,0
BRDA:455,26,0,0
BRDA:455,26,1,0
BRDA:455,27,0,0
BRDA:455,27,1,0
BRDA:468,28,0,0
BRDA:468,28,1,0
BRDA:501,29,0,0
BRDA:501,29,1,0
BRDA:585,30,0,0
BRDA:585,30,1,0
BRDA:599,31,0,0
BRDA:599,31,1,0
BRDA:604,32,0,0
BRDA:604,32,1,0
BRDA:610,33,0,0
BRDA:610,33,1,0
BRDA:614,34,0,0
BRDA:614,34,1,0
BRDA:666,35,0,0
BRDA:666,35,1,0
BRDA:710,36,0,0
BRDA:710,36,1,0
BRDA:710,37,0,0
BRDA:710,37,1,0
BRDA:715,38,0,0
BRDA:715,38,1,0
BRDA:729,39,0,0
BRDA:729,39,1,0
BRDA:762,40,0,0
BRDA:762,40,1,0
BRDA:776,41,0,0
BRDA:776,41,1,0
BRDA:817,42,0,0
BRDA:817,42,1,0
BRDA:818,43,0,0
BRDA:818,43,1,0
BRDA:828,44,0,0
BRDA:828,44,1,0
BRDA:855,45,0,0
BRDA:855,45,1,0
BRDA:911,46,0,0
BRDA:911,46,1,0
BRDA:911,47,0,0
BRDA:911,47,1,0
BRDA:911,47,2,0
BRDA:918,48,0,0
BRDA:918,48,1,0
BRDA:924,49,0,0
BRDA:924,49,1,0
BRDA:931,50,0,0
BRDA:931,50,1,0
BRDA:931,51,0,0
BRDA:931,51,1,0
BRDA:951,52,0,0
BRDA:951,52,1,0
BRDA:992,53,0,0
BRDA:992,53,1,0
BRDA:998,54,0,0
BRDA:998,54,1,0
BRDA:1006,55,0,0
BRDA:1006,55,1,0
BRDA:1006,56,0,0
BRDA:1006,56,1,0
BRDA:1011,57,0,0
BRDA:1011,57,1,0
BRDA:1011,58,0,0
BRDA:1011,58,1,0
BRDA:1032,59,0,0
BRDA:1032,59,1,0
BRDA:1071,60,0,0
BRDA:1071,60,1,0
BRDA:1105,61,0,0
BRDA:1105,61,1,0
BRDA:1115,62,0,0
BRDA:1115,62,1,0
BRDA:1121,63,0,0
BRDA:1121,63,1,0
BRDA:1126,64,0,0
BRDA:1126,64,1,0
BRDA:1145,65,0,0
BRDA:1145,65,1,0
BRDA:1147,66,0,0
BRDA:1147,66,1,0
BRDA:1180,67,0,0
BRDA:1180,67,1,0
BRDA:1199,68,0,0
BRDA:1199,68,1,0
BRDA:1238,69,0,0
BRDA:1238,69,1,0
BRDA:1242,70,0,0
BRDA:1242,70,1,0
BRDA:1246,71,0,0
BRDA:1246,71,1,0
BRDA:1254,72,0,0
BRDA:1254,72,1,0
BRDA:1254,73,0,0
BRDA:1254,73,1,0
BRDA:1281,74,0,0
BRDA:1281,74,1,0
BRDA:1319,75,0,0
BRDA:1319,75,1,0
BRDA:1323,76,0,0
BRDA:1323,76,1,0
BRDA:1348,77,0,0
BRDA:1348,77,1,0
BRDA:1383,78,0,0
BRDA:1383,78,1,0
BRDA:1384,79,0,0
BRDA:1384,79,1,0
BRDA:1409,80,0,0
BRDA:1409,80,1,0
BRF:165
BRH:0
end_of_record
TN:
SF:controllers\cart.controller.js
FN:29,(anonymous_0)
FN:126,(anonymous_1)
FN:170,(anonymous_2)
FN:208,(anonymous_3)
FN:244,(anonymous_4)
FN:376,(anonymous_5)
FN:476,(anonymous_6)
FN:559,(anonymous_7)
FN:662,(anonymous_8)
FN:750,(anonymous_9)
FN:812,(anonymous_10)
FN:877,(anonymous_11)
FN:896,(anonymous_12)
FN:960,(anonymous_13)
FN:983,(anonymous_14)
FNF:15
FNH:0
FNDA:0,(anonymous_0)
FNDA:0,(anonymous_1)
FNDA:0,(anonymous_2)
FNDA:0,(anonymous_3)
FNDA:0,(anonymous_4)
FNDA:0,(anonymous_5)
FNDA:0,(anonymous_6)
FNDA:0,(anonymous_7)
FNDA:0,(anonymous_8)
FNDA:0,(anonymous_9)
FNDA:0,(anonymous_10)
FNDA:0,(anonymous_11)
FNDA:0,(anonymous_12)
FNDA:0,(anonymous_13)
FNDA:0,(anonymous_14)
DA:1,0
DA:2,0
DA:3,0
DA:29,0
DA:30,0
DA:31,0
DA:34,0
DA:36,0
DA:45,0
DA:48,0
DA:50,0
DA:51,0
DA:60,0
DA:64,0
DA:65,0
DA:75,0
DA:78,0
DA:83,0
DA:126,0
DA:127,0
DA:129,0
DA:130,0
DA:136,0
DA:139,0
DA:140,0
DA:144,0
DA:154,0
DA:155,0
DA:158,0
DA:159,0
DA:162,0
DA:163,0
DA:164,0
DA:165,0
DA:167,0
DA:169,0
DA:170,0
DA:172,0
DA:173,0
DA:175,0
DA:176,0
DA:177,0
DA:182,0
DA:183,0
DA:187,0
DA:189,0
DA:190,0
DA:191,0
DA:195,0
DA:196,0
DA:203,0
DA:205,0
DA:206,0
DA:208,0
DA:209,0
DA:210,0
DA:212,0
DA:213,0
DA:217,0
DA:225,0
DA:226,0
DA:229,0
DA:230,0
DA:231,0
DA:240,0
DA:243,0
DA:244,0
DA:249,0
DA:250,0
DA:261,0
DA:262,0
DA:273,0
DA:276,0
DA:285,0
DA:287,0
DA:288,0
DA:295,0
DA:297,0
DA:299,0
DA:301,0
DA:309,0
DA:321,0
DA:324,0
DA:326,0
DA:332,0
DA:333,0
DA:335,0
DA:376,0
DA:377,0
DA:379,0
DA:380,0
DA:381,0
DA:382,0
DA:385,0
DA:386,0
DA:390,0
DA:401,0
DA:402,0
DA:406,0
DA:407,0
DA:411,0
DA:412,0
DA:413,0
DA:414,0
DA:419,0
DA:422,0
DA:429,0
DA:431,0
DA:433,0
DA:435,0
DA:441,0
DA:442,0
DA:444,0
DA:476,0
DA:477,0
DA:479,0
DA:480,0
DA:481,0
DA:484,0
DA:495,0
DA:496,0
DA:500,0
DA:501,0
DA:505,0
DA:506,0
DA:507,0
DA:508,0
DA:513,0
DA:516,0
DA:518,0
DA:520,0
DA:526,0
DA:527,0
DA:529,0
DA:559,0
DA:560,0
DA:562,0
DA:563,0
DA:566,0
DA:568,0
DA:573,0
DA:574,0
DA:578,0
DA:579,0
DA:580,0
DA:583,0
DA:588,0
DA:589,0
DA:594,0
DA:597,0
DA:603,0
DA:611,0
DA:613,0
DA:619,0
DA:620,0
DA:622,0
DA:662,0
DA:663,0
DA:664,0
DA:667,0
DA:668,0
DA:691,0
DA:692,0
DA:693,0
DA:702,0
DA:726,0
DA:727,0
DA:737,0
DA:738,0
DA:739,0
DA:740,0
DA:741,0
DA:743,0
DA:750,0
DA:761,0
DA:766,0
DA:812,0
DA:813,0
DA:815,0
DA:816,0
DA:817,0
DA:820,0
DA:821,0
DA:825,0
DA:833,0
DA:843,0
DA:846,0
DA:847,0
DA:853,0
DA:856,0
DA:867,0
DA:868,0
DA:872,0
DA:876,0
DA:877,0
DA:881,0
DA:892,0
DA:893,0
DA:895,0
DA:896,0
DA:898,0
DA:899,0
DA:900,0
DA:901,0
DA:902,0
DA:910,0
DA:911,0
DA:914,0
DA:918,0
DA:920,0
DA:922,0
DA:924,0
DA:928,0
DA:930,0
DA:937,0
DA:952,0
DA:958,0
DA:960,0
DA:967,0
DA:969,0
DA:973,0
DA:975,0
DA:982,0
DA:983,0
DA:986,0
DA:988,0
DA:1003,0
DA:1011,0
DA:1015,0
DA:1023,0
DA:1025,0
DA:1028,0
DA:1030,0
DA:1039,0
DA:1040,0
DA:1042,0
DA:1046,0
LF:237
LH:0
BRDA:34,0,0,0
BRDA:34,0,1,0
BRDA:48,1,0,0
BRDA:48,1,1,0
BRDA:50,2,0,0
BRDA:50,2,1,0
BRDA:64,3,0,0
BRDA:64,3,1,0
BRDA:133,4,0,0
BRDA:135,5,0,0
BRDA:139,6,0,0
BRDA:139,6,1,0
BRDA:154,7,0,0
BRDA:154,7,1,0
BRDA:158,8,0,0
BRDA:158,8,1,0
BRDA:167,9,0,0
BRDA:167,9,1,0
BRDA:176,10,0,0
BRDA:176,10,1,0
BRDA:182,11,0,0
BRDA:182,11,1,0
BRDA:190,12,0,0
BRDA:190,12,1,0
BRDA:195,13,0,0
BRDA:195,13,1,0
BRDA:195,14,0,0
BRDA:195,14,1,0
BRDA:203,15,0,0
BRDA:203,15,1,0
BRDA:206,16,0,0
BRDA:206,16,1,0
BRDA:209,17,0,0
BRDA:209,17,1,0
BRDA:212,18,0,0
BRDA:212,18,1,0
BRDA:212,19,0,0
BRDA:212,19,1,0
BRDA:222,20,0,0
BRDA:222,20,1,0
BRDA:225,21,0,0
BRDA:225,21,1,0
BRDA:230,22,0,0
BRDA:230,22,1,0
BRDA:230,23,0,0
BRDA:230,23,1,0
BRDA:230,23,2,0
BRDA:249,24,0,0
BRDA:249,24,1,0
BRDA:261,25,0,0
BRDA:261,25,1,0
BRDA:261,25,2,0
BRDA:285,26,0,0
BRDA:285,26,1,0
BRDA:332,27,0,0
BRDA:332,27,1,0
BRDA:332,28,0,0
BRDA:332,28,1,0
BRDA:385,29,0,0
BRDA:385,29,1,0
BRDA:385,30,0,0
BRDA:385,30,1,0
BRDA:401,31,0,0
BRDA:401,31,1,0
BRDA:406,32,0,0
BRDA:406,32,1,0
BRDA:406,33,0,0
BRDA:406,33,1,0
BRDA:411,34,0,0
BRDA:411,34,1,0
BRDA:412,35,0,0
BRDA:412,35,1,0
BRDA:413,36,0,0
BRDA:413,36,1,0
BRDA:441,37,0,0
BRDA:441,37,1,0
BRDA:441,38,0,0
BRDA:441,38,1,0
BRDA:495,39,0,0
BRDA:495,39,1,0
BRDA:500,40,0,0
BRDA:500,40,1,0
BRDA:500,41,0,0
BRDA:500,41,1,0
BRDA:505,42,0,0
BRDA:505,42,1,0
BRDA:506,43,0,0
BRDA:506,43,1,0
BRDA:507,44,0,0
BRDA:507,44,1,0
BRDA:526,45,0,0
BRDA:526,45,1,0
BRDA:526,46,0,0
BRDA:526,46,1,0
BRDA:566,47,0,0
BRDA:566,47,1,0
BRDA:573,48,0,0
BRDA:573,48,1,0
BRDA:578,49,0,0
BRDA:578,49,1,0
BRDA:579,50,0,0
BRDA:579,50,1,0
BRDA:588,51,0,0
BRDA:588,51,1,0
BRDA:619,52,0,0
BRDA:619,52,1,0
BRDA:619,53,0,0
BRDA:619,53,1,0
BRDA:667,54,0,0
BRDA:667,54,1,0
BRDA:691,55,0,0
BRDA:691,55,1,0
BRDA:692,56,0,0
BRDA:692,56,1,0
BRDA:726,57,0,0
BRDA:726,57,1,0
BRDA:737,58,0,0
BRDA:737,58,1,0
BRDA:820,59,0,0
BRDA:820,59,1,0
BRDA:852,60,0,0
BRDA:867,61,0,0
BRDA:867,61,1,0
BRDA:867,62,0,0
BRDA:867,62,1,0
BRDA:886,63,0,0
BRDA:886,63,1,0
BRDA:893,64,0,0
BRDA:893,64,1,0
BRDA:901,65,0,0
BRDA:901,65,1,0
BRDA:901,66,0,0
BRDA:901,66,1,0
BRDA:903,67,0,0
BRDA:903,67,1,0
BRDA:911,68,0,0
BRDA:911,68,1,0
BRDA:914,69,0,0
BRDA:914,69,1,0
BRDA:918,70,0,0
BRDA:918,70,1,0
BRDA:918,71,0,0
BRDA:918,71,1,0
BRDA:922,72,0,0
BRDA:922,72,1,0
BRDA:942,73,0,0
BRDA:942,73,1,0
BRDA:967,74,0,0
BRDA:967,74,1,0
BRDA:983,75,0,0
BRDA:983,75,1,0
BRDA:993,76,0,0
BRDA:993,76,1,0
BRDA:1017,77,0,0
BRDA:1017,77,1,0
BRDA:1039,78,0,0
BRDA:1039,78,1,0
BRDA:1039,79,0,0
BRDA:1039,79,1,0
BRF:159
BRH:0
end_of_record
TN:
SF:controllers\category.controller.js
FN:34,(anonymous_0)
FN:89,(anonymous_1)
FN:169,(anonymous_2)
FN:253,(anonymous_3)
FN:314,(anonymous_4)
FN:376,(anonymous_5)
FN:378,(anonymous_6)
FN:448,(anonymous_7)
FN:476,(anonymous_8)
FN:561,(anonymous_9)
FN:576,(anonymous_10)
FN:585,(anonymous_11)
FNF:12
FNH:0
FNDA:0,(anonymous_0)
FNDA:0,(anonymous_1)
FNDA:0,(anonymous_2)
FNDA:0,(anonymous_3)
FNDA:0,(anonymous_4)
FNDA:0,(anonymous_5)
FNDA:0,(anonymous_6)
FNDA:0,(anonymous_7)
FNDA:0,(anonymous_8)
FNDA:0,(anonymous_9)
FNDA:0,(anonymous_10)
FNDA:0,(anonymous_11)
DA:1,0
DA:2,0
DA:3,0
DA:34,0
DA:35,0
DA:36,0
DA:37,0
DA:39,0
DA:47,0
DA:52,0
DA:53,0
DA:89,0
DA:90,0
DA:91,0
DA:92,0
DA:94,0
DA:96,0
DA:97,0
DA:98,0
DA:99,0
DA:102,0
DA:103,0
DA:109,0
DA:128,0
DA:139,0
DA:140,0
DA:169,0
DA:170,0
DA:171,0
DA:174,0
DA:176,0
DA:177,0
DA:178,0
DA:180,0
DA:183,0
DA:199,0
DA:200,0
DA:206,0
DA:211,0
DA:212,0
DA:253,0
DA:254,0
DA:255,0
DA:256,0
DA:258,0
DA:259,0
DA:266,0
DA:268,0
DA:269,0
DA:271,0
DA:273,0
DA:274,0
DA:275,0
DA:277,0
DA:279,0
DA:284,0
DA:285,0
DA:314,0
DA:315,0
DA:316,0
DA:318,0
DA:319,0
DA:325,0
DA:327,0
DA:332,0
DA:333,0
DA:376,0
DA:377,0
DA:378,0
DA:379,0
DA:385,0
DA:387,0
DA:388,0
DA:389,0
DA:395,0
DA:398,0
DA:400,0
DA:405,0
DA:406,0
DA:448,0
DA:449,0
DA:450,0
DA:451,0
DA:452,0
DA:453,0
DA:454,0
DA:457,0
DA:458,0
DA:460,0
DA:461,0
DA:462,0
DA:469,0
DA:470,0
DA:471,0
DA:476,0
DA:480,0
DA:486,0
DA:487,0
DA:488,0
DA:490,0
DA:491,0
DA:493,0
DA:494,0
DA:498,0
DA:503,0
DA:504,0
DA:505,0
DA:506,0
DA:507,0
DA:508,0
DA:509,0
DA:511,0
DA:515,0
DA:522,0
DA:561,0
DA:562,0
DA:576,0
DA:577,0
DA:581,0
DA:585,0
DA:586,0
DA:587,0
DA:589,0
DA:603,0
DA:604,0
DA:605,0
DA:612,0
DA:632,0
DA:633,0
DA:641,0
LF:130
LH:0
BRDA:37,0,0,0
BRDA:37,0,1,0
BRDA:42,1,0,0
BRDA:42,1,1,0
BRDA:43,2,0,0
BRDA:43,2,1,0
BRDA:44,3,0,0
BRDA:44,3,1,0
BRDA:56,4,0,0
BRDA:56,4,1,0
BRDA:91,5,0,0
BRDA:91,6,0,0
BRDA:96,7,0,0
BRDA:96,7,1,0
BRDA:96,8,0,0
BRDA:96,8,1,0
BRDA:98,9,0,0
BRDA:98,9,1,0
BRDA:102,10,0,0
BRDA:102,10,1,0
BRDA:143,11,0,0
BRDA:143,11,1,0
BRDA:174,12,0,0
BRDA:174,12,1,0
BRDA:177,13,0,0
BRDA:177,13,1,0
BRDA:199,14,0,0
BRDA:199,14,1,0
BRDA:215,15,0,0
BRDA:215,15,1,0
BRDA:258,16,0,0
BRDA:258,16,1,0
BRDA:266,17,0,0
BRDA:266,17,1,0
BRDA:268,18,0,0
BRDA:268,18,1,0
BRDA:268,19,0,0
BRDA:268,19,1,0
BRDA:271,20,0,0
BRDA:271,20,1,0
BRDA:273,21,0,0
BRDA:273,21,1,0
BRDA:274,22,0,0
BRDA:274,22,1,0
BRDA:275,23,0,0
BRDA:275,23,1,0
BRDA:288,24,0,0
BRDA:288,24,1,0
BRDA:318,25,0,0
BRDA:318,25,1,0
BRDA:336,26,0,0
BRDA:336,26,1,0
BRDA:378,27,0,0
BRDA:391,28,0,0
BRDA:391,28,1,0
BRDA:409,29,0,0
BRDA:409,29,1,0
BRDA:451,30,0,0
BRDA:451,31,0,0
BRDA:451,32,0,0
BRDA:451,33,0,0
BRDA:457,34,0,0
BRDA:457,34,1,0
BRDA:458,35,0,0
BRDA:458,35,1,0
BRDA:461,36,0,0
BRDA:461,36,1,0
BRDA:470,37,0,0
BRDA:470,37,1,0
BRDA:487,38,0,0
BRDA:487,38,1,0
BRDA:490,39,0,0
BRDA:490,39,1,0
BRDA:493,40,0,0
BRDA:493,40,1,0
BRDA:503,41,0,0
BRDA:503,41,1,0
BRDA:508,42,0,0
BRDA:508,42,1,0
BRDA:508,43,0,0
BRDA:508,43,1,0
BRDA:578,44,0,0
BRDA:578,44,1,0
BRDA:579,45,0,0
BRDA:579,45,1,0
BRDA:586,46,0,0
BRDA:586,46,1,0
BRDA:604,47,0,0
BRDA:604,47,1,0
BRDA:636,48,0,0
BRDA:636,48,1,0
BRF:91
BRH:0
end_of_record
TN:
SF:controllers\collection.controller.js
FN:32,(anonymous_0)
FN:82,(anonymous_1)
FN:131,(anonymous_2)
FN:158,(anonymous_3)
FN:217,(anonymous_4)
FN:277,(anonymous_5)
FN:330,(anonymous_6)
FN:351,(anonymous_7)
FN:398,(anonymous_8)
FNF:9
FNH:0
FNDA:0,(anonymous_0)
FNDA:0,(anonymous_1)
FNDA:0,(anonymous_2)
FNDA:0,(anonymous_3)
FNDA:0,(anonymous_4)
FNDA:0,(anonymous_5)
FNDA:0,(anonymous_6)
FNDA:0,(anonymous_7)
FNDA:0,(anonymous_8)
DA:1,0
DA:2,0
DA:3,0
DA:4,0
DA:32,0
DA:33,0
DA:34,0
DA:37,0
DA:41,0
DA:42,0
DA:45,0
DA:50,0
DA:55,0
DA:82,0
DA:83,0
DA:84,0
DA:85,0
DA:87,0
DA:89,0
DA:90,0
DA:93,0
DA:100,0
DA:107,0
DA:131,0
DA:132,0
DA:133,0
DA:144,0
DA:145,0
DA:148,0
DA:153,0
DA:158,0
DA:159,0
DA:160,0
DA:171,0
DA:172,0
DA:175,0
DA:180,0
DA:217,0
DA:218,0
DA:219,0
DA:221,0
DA:223,0
DA:224,0
DA:228,0
DA:229,0
DA:233,0
DA:234,0
DA:239,0
DA:245,0
DA:247,0
DA:252,0
DA:277,0
DA:278,0
DA:279,0
DA:281,0
DA:282,0
DA:286,0
DA:291,0
DA:293,0
DA:298,0
DA:330,0
DA:331,0
DA:332,0
DA:333,0
DA:336,0
DA:337,0
DA:338,0
DA:342,0
DA:346,0
DA:347,0
DA:351,0
DA:356,0
DA:360,0
DA:366,0
DA:398,0
DA:399,0
DA:400,0
DA:401,0
DA:404,0
DA:405,0
DA:406,0
DA:410,0
DA:417,0
DA:423,0
DA:427,0
LF:85
LH:0
BRDA:41,0,0,0
BRDA:41,0,1,0
BRDA:47,1,0,0
BRDA:47,1,1,0
BRDA:84,2,0,0
BRDA:84,3,0,0
BRDA:89,4,0,0
BRDA:89,4,1,0
BRDA:144,5,0,0
BRDA:144,5,1,0
BRDA:171,6,0,0
BRDA:171,6,1,0
BRDA:223,7,0,0
BRDA:223,7,1,0
BRDA:228,8,0,0
BRDA:228,8,1,0
BRDA:228,9,0,0
BRDA:228,9,1,0
BRDA:233,10,0,0
BRDA:233,10,1,0
BRDA:240,11,0,0
BRDA:240,11,1,0
BRDA:241,12,0,0
BRDA:241,12,1,0
BRDA:281,13,0,0
BRDA:281,13,1,0
BRDA:337,14,0,0
BRDA:337,14,1,0
BRDA:346,15,0,0
BRDA:346,15,1,0
BRDA:405,16,0,0
BRDA:405,16,1,0
BRF:32
BRH:0
end_of_record
TN:
SF:controllers\dashboard.controller.js
FN:49,(anonymous_0)
FN:61,(anonymous_1)
FN:132,(anonymous_2)
FN:231,(anonymous_3)
FN:343,(anonymous_4)
FN:407,(anonymous_5)
FN:552,(anonymous_6)
FN:639,(anonymous_7)
FN:799,(anonymous_8)
FN:862,(anonymous_9)
FN:873,(anonymous_10)
FN:940,(anonymous_11)
FN:1061,(anonymous_12)
FN:1100,(anonymous_13)
FN:1123,(anonymous_14)
FN:1136,(anonymous_15)
FN:1142,(anonymous_16)
FN:1143,(anonymous_17)
FN:1164,(anonymous_18)
FN:1215,(anonymous_19)
FN:1244,(anonymous_20)
FN:1332,(anonymous_21)
FN:1386,(anonymous_22)
FN:1396,(anonymous_23)
FN:1465,(anonymous_24)
FN:1568,(anonymous_25)
FN:1595,(anonymous_26)
FN:1647,(anonymous_27)
FN:1648,(anonymous_28)
FN:1655,(anonymous_29)
FN:1766,(anonymous_30)
FN:1861,(anonymous_31)
FN:1894,(anonymous_32)
FN:1896,(anonymous_33)
FN:1923,(anonymous_34)
FN:1929,(anonymous_35)
FN:2044,(anonymous_36)
FN:2084,(anonymous_37)
FN:2088,(anonymous_38)
FN:2098,(anonymous_39)
FN:2120,(anonymous_40)
FN:2125,(anonymous_41)
FN:2130,(anonymous_42)
FN:2241,(anonymous_43)
FNF:44
FNH:0
FNDA:0,(anonymous_0)
FNDA:0,(anonymous_1)
FNDA:0,(anonymous_2)
FNDA:0,(anonymous_3)
FNDA:0,(anonymous_4)
FNDA:0,(anonymous_5)
FNDA:0,(anonymous_6)
FNDA:0,(anonymous_7)
FNDA:0,(anonymous_8)
FNDA:0,(anonymous_9)
FNDA:0,(anonymous_10)
FNDA:0,(anonymous_11)
FNDA:0,(anonymous_12)
FNDA:0,(anonymous_13)
FNDA:0,(anonymous_14)
FNDA:0,(anonymous_15)
FNDA:0,(anonymous_16)
FNDA:0,(anonymous_17)
FNDA:0,(anonymous_18)
FNDA:0,(anonymous_19)
FNDA:0,(anonymous_20)
FNDA:0,(anonymous_21)
FNDA:0,(anonymous_22)
FNDA:0,(anonymous_23)
FNDA:0,(anonymous_24)
FNDA:0,(anonymous_25)
FNDA:0,(anonymous_26)
FNDA:0,(anonymous_27)
FNDA:0,(anonymous_28)
FNDA:0,(anonymous_29)
FNDA:0,(anonymous_30)
FNDA:0,(anonymous_31)
FNDA:0,(anonymous_32)
FNDA:0,(anonymous_33)
FNDA:0,(anonymous_34)
FNDA:0,(anonymous_35)
FNDA:0,(anonymous_36)
FNDA:0,(anonymous_37)
FNDA:0,(anonymous_38)
FNDA:0,(anonymous_39)
FNDA:0,(anonymous_40)
FNDA:0,(anonymous_41)
FNDA:0,(anonymous_42)
FNDA:0,(anonymous_43)
DA:43,0
DA:44,0
DA:45,0
DA:46,0
DA:49,0
DA:50,0
DA:51,0
DA:52,0
DA:53,0
DA:54,0
DA:56,0
DA:61,0
DA:62,0
DA:63,0
DA:132,0
DA:133,0
DA:134,0
DA:136,0
DA:186,0
DA:187,0
DA:231,0
DA:232,0
DA:274,0
DA:343,0
DA:344,0
DA:345,0
DA:347,0
DA:366,0
DA:367,0
DA:407,0
DA:409,0
DA:416,0
DA:417,0
DA:420,0
DA:423,0
DA:432,0
DA:444,0
DA:445,0
DA:446,0
DA:447,0
DA:450,0
DA:469,0
DA:473,0
DA:552,0
DA:554,0
DA:561,0
DA:562,0
DA:565,0
DA:566,0
DA:567,0
DA:569,0
DA:598,0
DA:599,0
DA:639,0
DA:641,0
DA:648,0
DA:649,0
DA:652,0
DA:656,0
DA:668,0
DA:669,0
DA:670,0
DA:671,0
DA:674,0
DA:692,0
DA:705,0
DA:722,0
DA:799,0
DA:801,0
DA:808,0
DA:809,0
DA:812,0
DA:813,0
DA:814,0
DA:816,0
DA:854,0
DA:861,0
DA:862,0
DA:863,0
DA:864,0
DA:868,0
DA:873,0
DA:874,0
DA:875,0
DA:878,0
DA:879,0
DA:880,0
DA:881,0
DA:885,0
DA:895,0
DA:901,0
DA:940,0
DA:942,0
DA:947,0
DA:948,0
DA:949,0
DA:950,0
DA:953,0
DA:965,0
DA:969,0
DA:979,0
DA:997,0
DA:1061,0
DA:1062,0
DA:1065,0
DA:1068,0
DA:1092,0
DA:1093,0
DA:1100,0
DA:1102,0
DA:1122,0
DA:1124,0
DA:1130,0
DA:1135,0
DA:1136,0
DA:1137,0
DA:1141,0
DA:1143,0
DA:1144,0
DA:1145,0
DA:1146,0
DA:1147,0
DA:1149,0
DA:1164,0
DA:1166,0
DA:1215,0
DA:1216,0
DA:1219,0
DA:1243,0
DA:1245,0
DA:1246,0
DA:1249,0
DA:1267,0
DA:1277,0
DA:1332,0
DA:1333,0
DA:1334,0
DA:1335,0
DA:1336,0
DA:1338,0
DA:1385,0
DA:1386,0
DA:1396,0
DA:1398,0
DA:1465,0
DA:1466,0
DA:1467,0
DA:1470,0
DA:1477,0
DA:1480,0
DA:1481,0
DA:1482,0
DA:1484,0
DA:1485,0
DA:1488,0
DA:1514,0
DA:1515,0
DA:1568,0
DA:1569,0
DA:1572,0
DA:1575,0
DA:1595,0
DA:1597,0
DA:1598,0
DA:1604,0
DA:1646,0
DA:1648,0
DA:1649,0
DA:1655,0
DA:1658,0
DA:1766,0
DA:1767,0
DA:1770,0
DA:1771,0
DA:1772,0
DA:1776,0
DA:1791,0
DA:1792,0
DA:1796,0
DA:1834,0
DA:1835,0
DA:1838,0
DA:1861,0
DA:1868,0
DA:1894,0
DA:1895,0
DA:1897,0
DA:1908,0
DA:1912,0
DA:1921,0
DA:1922,0
DA:1923,0
DA:1924,0
DA:1925,0
DA:1929,0
DA:1941,0
DA:1966,0
DA:2044,0
DA:2045,0
DA:2046,0
DA:2049,0
DA:2075,0
DA:2076,0
DA:2077,0
DA:2084,0
DA:2087,0
DA:2089,0
DA:2092,0
DA:2097,0
DA:2100,0
DA:2111,0
DA:2119,0
DA:2120,0
DA:2121,0
DA:2124,0
DA:2125,0
DA:2126,0
DA:2130,0
DA:2145,0
DA:2146,0
DA:2241,0
DA:2242,0
DA:2243,0
DA:2246,0
DA:2247,0
DA:2248,0
DA:2252,0
DA:2286,0
DA:2287,0
DA:2303,0
DA:2326,0
DA:2327,0
DA:2331,0
DA:2332,0
DA:2333,0
DA:2334,0
DA:2337,0
DA:2342,0
DA:2380,0
DA:2386,0
LF:240
LH:0
BRDA:49,0,0,0
BRDA:49,1,0,0
BRDA:51,2,0,0
BRDA:51,2,1,0
BRDA:52,3,0,0
BRDA:52,3,1,0
BRDA:133,4,0,0
BRDA:133,5,0,0
BRDA:344,6,0,0
BRDA:344,7,0,0
BRDA:416,8,0,0
BRDA:416,8,1,0
BRDA:432,9,0,0
BRDA:432,9,1,0
BRDA:450,10,0,0
BRDA:450,10,1,0
BRDA:469,11,0,0
BRDA:469,11,1,0
BRDA:561,12,0,0
BRDA:561,12,1,0
BRDA:566,13,0,0
BRDA:566,14,0,0
BRDA:648,15,0,0
BRDA:648,15,1,0
BRDA:656,16,0,0
BRDA:656,16,1,0
BRDA:674,17,0,0
BRDA:674,17,1,0
BRDA:705,18,0,0
BRDA:705,18,1,0
BRDA:808,19,0,0
BRDA:808,19,1,0
BRDA:813,20,0,0
BRDA:813,21,0,0
BRDA:864,22,0,0
BRDA:864,22,1,0
BRDA:865,23,0,0
BRDA:865,23,1,0
BRDA:879,24,0,0
BRDA:879,24,1,0
BRDA:887,25,0,0
BRDA:887,25,1,0
BRDA:888,26,0,0
BRDA:888,26,1,0
BRDA:889,27,0,0
BRDA:889,27,1,0
BRDA:890,28,0,0
BRDA:890,28,1,0
BRDA:953,29,0,0
BRDA:953,29,1,0
BRDA:969,30,0,0
BRDA:969,30,1,0
BRDA:1062,31,0,0
BRDA:1065,32,0,0
BRDA:1065,32,1,0
BRDA:1092,33,0,0
BRDA:1092,33,1,0
BRDA:1144,34,0,0
BRDA:1144,34,1,0
BRDA:1145,35,0,0
BRDA:1145,35,1,0
BRDA:1146,36,0,0
BRDA:1146,36,1,0
BRDA:1147,37,0,0
BRDA:1147,37,1,0
BRDA:1151,38,0,0
BRDA:1151,38,1,0
BRDA:1152,39,0,0
BRDA:1152,39,1,0
BRDA:1153,40,0,0
BRDA:1153,40,1,0
BRDA:1153,41,0,0
BRDA:1153,41,1,0
BRDA:1154,42,0,0
BRDA:1154,42,1,0
BRDA:1159,43,0,0
BRDA:1159,43,1,0
BRDA:1249,44,0,0
BRDA:1249,44,1,0
BRDA:1270,45,0,0
BRDA:1270,45,1,0
BRDA:1271,46,0,0
BRDA:1271,46,1,0
BRDA:1272,47,0,0
BRDA:1272,47,1,0
BRDA:1388,48,0,0
BRDA:1388,48,1,0
BRDA:1389,49,0,0
BRDA:1389,49,1,0
BRDA:1390,50,0,0
BRDA:1390,50,1,0
BRDA:1391,51,0,0
BRDA:1391,51,1,0
BRDA:1392,52,0,0
BRDA:1392,52,1,0
BRDA:1393,53,0,0
BRDA:1393,53,1,0
BRDA:1394,54,0,0
BRDA:1394,54,1,0
BRDA:1466,55,0,0
BRDA:1466,56,0,0
BRDA:1481,57,0,0
BRDA:1481,57,1,0
BRDA:1481,58,0,0
BRDA:1481,58,1,0
BRDA:1484,59,0,0
BRDA:1484,59,1,0
BRDA:1484,60,0,0
BRDA:1484,60,1,0
BRDA:1569,61,0,0
BRDA:1572,62,0,0
BRDA:1572,62,1,0
BRDA:1597,63,0,0
BRDA:1597,63,1,0
BRDA:1651,64,0,0
BRDA:1651,64,1,0
BRDA:1652,65,0,0
BRDA:1652,65,1,0
BRDA:1771,66,0,0
BRDA:1771,66,1,0
BRDA:1771,67,0,0
BRDA:1771,67,1,0
BRDA:1791,68,0,0
BRDA:1791,68,1,0
BRDA:1798,69,0,0
BRDA:1798,69,1,0
BRDA:1828,70,0,0
BRDA:1828,70,1,0
BRDA:1834,71,0,0
BRDA:1834,71,1,0
BRDA:1897,72,0,0
BRDA:1897,72,1,0
BRDA:1932,73,0,0
BRDA:1932,73,1,0
BRDA:1933,74,0,0
BRDA:1933,74,1,0
BRDA:1934,75,0,0
BRDA:1934,75,1,0
BRDA:1935,76,0,0
BRDA:1935,76,1,0
BRDA:1936,77,0,0
BRDA:1936,77,1,0
BRDA:1937,78,0,0
BRDA:1937,78,1,0
BRDA:1944,79,0,0
BRDA:1944,79,1,0
BRDA:1945,80,0,0
BRDA:1945,80,1,0
BRDA:1945,81,0,0
BRDA:1945,81,1,0
BRDA:1945,82,0,0
BRDA:1945,82,1,0
BRDA:1947,83,0,0
BRDA:1947,83,1,0
BRDA:1948,84,0,0
BRDA:1948,84,1,0
BRDA:2045,85,0,0
BRDA:2045,86,0,0
BRDA:2075,87,0,0
BRDA:2075,87,1,0
BRDA:2100,88,0,0
BRDA:2100,88,1,0
BRDA:2132,89,0,0
BRDA:2132,89,1,0
BRDA:2133,90,0,0
BRDA:2133,90,1,0
BRDA:2133,91,0,0
BRDA:2133,91,1,0
BRDA:2133,92,0,0
BRDA:2133,92,1,0
BRDA:2136,93,0,0
BRDA:2136,93,1,0
BRDA:2137,94,0,0
BRDA:2137,94,1,0
BRDA:2138,95,0,0
BRDA:2138,95,1,0
BRDA:2139,96,0,0
BRDA:2139,96,1,0
BRDA:2140,97,0,0
BRDA:2140,97,1,0
BRDA:2243,98,0,0
BRDA:2247,99,0,0
BRDA:2247,99,1,0
BRDA:2247,100,0,0
BRDA:2247,100,1,0
BRDA:2286,101,0,0
BRDA:2286,101,1,0
BRDA:2286,102,0,0
BRDA:2286,102,1,0
BRDA:2326,103,0,0
BRDA:2326,103,1,0
BRDA:2332,104,0,0
BRDA:2332,104,1,0
BRDA:2333,105,0,0
BRDA:2333,105,1,0
BRDA:2333,106,0,0
BRDA:2333,106,1,0
BRDA:2335,107,0,0
BRDA:2335,107,1,0
BRDA:2348,108,0,0
BRDA:2348,108,1,0
BRDA:2353,109,0,0
BRDA:2353,109,1,0
BRDA:2360,110,0,0
BRDA:2360,110,1,0
BRDA:2361,111,0,0
BRDA:2361,111,1,0
BRDA:2363,112,0,0
BRDA:2363,112,1,0
BRDA:2364,113,0,0
BRDA:2364,113,1,0
BRDA:2365,114,0,0
BRDA:2365,114,1,0
BRDA:2368,115,0,0
BRDA:2368,115,1,0
BRDA:2369,116,0,0
BRDA:2369,116,1,0
BRDA:2369,117,0,0
BRDA:2369,117,1,0
BRDA:2370,118,0,0
BRDA:2370,118,1,0
BRDA:2375,119,0,0
BRDA:2375,119,1,0
BRDA:2376,120,0,0
BRDA:2376,120,1,0
BRDA:2377,121,0,0
BRDA:2377,121,1,0
BRF:227
BRH:0
end_of_record
TN:
SF:controllers\inventory.controller.js
FN:34,(anonymous_0)
FN:93,(anonymous_1)
FN:193,(anonymous_2)
FN:243,(anonymous_3)
FN:298,(anonymous_4)
FN:344,(anonymous_5)
FN:383,(anonymous_6)
FN:435,(anonymous_7)
FNF:8
FNH:0
FNDA:0,(anonymous_0)
FNDA:0,(anonymous_1)
FNDA:0,(anonymous_2)
FNDA:0,(anonymous_3)
FNDA:0,(anonymous_4)
FNDA:0,(anonymous_5)
FNDA:0,(anonymous_6)
FNDA:0,(anonymous_7)
DA:9,0
DA:10,0
DA:11,0
DA:34,0
DA:35,0
DA:36,0
DA:37,0
DA:41,0
DA:42,0
DA:45,0
DA:47,0
DA:51,0
DA:52,0
DA:55,0
DA:77,0
DA:84,0
DA:93,0
DA:94,0
DA:96,0
DA:97,0
DA:98,0
DA:99,0
DA:103,0
DA:104,0
DA:107,0
DA:110,0
DA:115,0
DA:116,0
DA:117,0
DA:121,0
DA:128,0
DA:130,0
DA:131,0
DA:132,0
DA:135,0
DA:138,0
DA:139,0
DA:145,0
DA:149,0
DA:161,0
DA:174,0
DA:176,0
DA:183,0
DA:184,0
DA:193,0
DA:194,0
DA:195,0
DA:199,0
DA:200,0
DA:203,0
DA:204,0
DA:206,0
DA:226,0
DA:234,0
DA:243,0
DA:244,0
DA:245,0
DA:246,0
DA:250,0
DA:251,0
DA:254,0
DA:257,0
DA:261,0
DA:262,0
DA:265,0
DA:269,0
DA:270,0
DA:276,0
DA:282,0
DA:289,0
DA:298,0
DA:299,0
DA:300,0
DA:301,0
DA:303,0
DA:325,0
DA:335,0
DA:344,0
DA:345,0
DA:346,0
DA:347,0
DA:348,0
DA:350,0
DA:364,0
DA:374,0
DA:383,0
DA:384,0
DA:385,0
DA:386,0
DA:387,0
DA:389,0
DA:416,0
DA:426,0
DA:435,0
DA:436,0
DA:437,0
DA:438,0
DA:440,0
DA:442,0
DA:443,0
DA:444,0
DA:445,0
DA:446,0
DA:447,0
DA:450,0
DA:478,0
DA:488,0
DA:492,0
LF:108
LH:0
BRDA:41,0,0,0
BRDA:41,0,1,0
BRDA:51,1,0,0
BRDA:51,1,1,0
BRDA:80,2,0,0
BRDA:80,2,1,0
BRDA:103,3,0,0
BRDA:103,3,1,0
BRDA:115,4,0,0
BRDA:115,4,1,0
BRDA:130,5,0,0
BRDA:130,5,1,0
BRDA:138,6,0,0
BRDA:138,6,1,0
BRDA:152,7,0,0
BRDA:152,7,1,0
BRDA:167,8,0,0
BRDA:167,8,1,0
BRDA:167,9,0,0
BRDA:167,9,1,0
BRDA:199,10,0,0
BRDA:199,10,1,0
BRDA:204,11,0,0
BRDA:204,11,1,0
BRDA:250,12,0,0
BRDA:250,12,1,0
BRDA:261,13,0,0
BRDA:261,13,1,0
BRDA:269,14,0,0
BRDA:269,14,1,0
BRDA:300,15,0,0
BRDA:300,16,0,0
BRDA:347,17,0,0
BRDA:347,18,0,0
BRDA:385,19,0,0
BRDA:385,19,1,0
BRDA:386,20,0,0
BRDA:386,21,0,0
BRDA:437,22,0,0
BRDA:437,23,0,0
BRDA:442,24,0,0
BRDA:442,24,1,0
BRDA:443,25,0,0
BRDA:443,25,1,0
BRDA:444,26,0,0
BRDA:444,26,1,0
BRDA:444,27,0,0
BRDA:444,27,1,0
BRDA:446,28,0,0
BRDA:446,28,1,0
BRDA:447,29,0,0
BRDA:447,29,1,0
BRF:52
BRH:0
end_of_record
TN:
SF:controllers\journal.controller.js
FN:32,(anonymous_0)
FN:82,(anonymous_1)
FN:123,(anonymous_2)
FN:180,(anonymous_3)
FN:243,(anonymous_4)
FN:318,(anonymous_5)
FNF:6
FNH:0
FNDA:0,(anonymous_0)
FNDA:0,(anonymous_1)
FNDA:0,(anonymous_2)
FNDA:0,(anonymous_3)
FNDA:0,(anonymous_4)
FNDA:0,(anonymous_5)
DA:1,0
DA:2,0
DA:32,0
DA:33,0
DA:34,0
DA:37,0
DA:38,0
DA:39,0
DA:40,0
DA:48,0
DA:54,0
DA:55,0
DA:58,0
DA:64,0
DA:73,0
DA:81,0
DA:82,0
DA:87,0
DA:93,0
DA:123,0
DA:124,0
DA:125,0
DA:126,0
DA:128,0
DA:129,0
DA:131,0
DA:146,0
DA:156,0
DA:180,0
DA:181,0
DA:182,0
DA:184,0
DA:195,0
DA:196,0
DA:202,0
DA:209,0
DA:243,0
DA:244,0
DA:245,0
DA:246,0
DA:248,0
DA:249,0
DA:250,0
DA:257,0
DA:258,0
DA:259,0
DA:260,0
DA:268,0
DA:269,0
DA:270,0
DA:271,0
DA:274,0
DA:277,0
DA:286,0
DA:293,0
DA:318,0
DA:319,0
DA:320,0
DA:322,0
DA:323,0
DA:324,0
DA:330,0
DA:332,0
DA:337,0
DA:342,0
DA:350,0
LF:66
LH:0
BRDA:37,0,0,0
BRDA:37,0,1,0
BRDA:39,1,0,0
BRDA:39,1,1,0
BRDA:54,2,0,0
BRDA:54,2,1,0
BRDA:81,3,0,0
BRDA:81,3,1,0
BRDA:81,4,0,0
BRDA:81,4,1,0
BRDA:125,5,0,0
BRDA:125,6,0,0
BRDA:129,7,0,0
BRDA:129,7,1,0
BRDA:195,8,0,0
BRDA:195,8,1,0
BRDA:249,9,0,0
BRDA:249,9,1,0
BRDA:257,10,0,0
BRDA:257,10,1,0
BRDA:259,11,0,0
BRDA:259,11,1,0
BRDA:269,12,0,0
BRDA:269,12,1,0
BRDA:270,13,0,0
BRDA:270,13,1,0
BRDA:271,14,0,0
BRDA:271,14,1,0
BRDA:323,15,0,0
BRDA:323,15,1,0
BRF:30
BRH:0
end_of_record
TN:
SF:controllers\order.controller.js
FN:107,createOrder
FN:160,(anonymous_1)
FN:174,(anonymous_2)
FN:241,(anonymous_3)
FN:358,(anonymous_4)
FN:572,getOrder
FN:576,(anonymous_6)
FN:577,(anonymous_7)
FN:651,(anonymous_8)
FN:725,updateOrderStatus
FN:731,(anonymous_10)
FN:732,(anonymous_11)
FN:757,(anonymous_12)
FN:828,(anonymous_13)
FN:866,(anonymous_14)
FN:999,getUserOrders
FN:1062,(anonymous_16)
FN:1067,(anonymous_17)
FN:1082,(anonymous_18)
FN:1168,verifyPayment
FN:1366,handlePaymentWebhook
FN:1435,cancelOrder
FN:1475,(anonymous_22)
FN:1510,(anonymous_23)
FN:1537,(anonymous_24)
FN:1677,getVendorOrders
FN:1780,updateOrderItemStatus
FN:1836,(anonymous_27)
FN:1951,getAllOrders
FNF:29
FNH:0
FNDA:0,createOrder
FNDA:0,(anonymous_1)
FNDA:0,(anonymous_2)
FNDA:0,(anonymous_3)
FNDA:0,(anonymous_4)
FNDA:0,getOrder
FNDA:0,(anonymous_6)
FNDA:0,(anonymous_7)
FNDA:0,(anonymous_8)
FNDA:0,updateOrderStatus
FNDA:0,(anonymous_10)
FNDA:0,(anonymous_11)
FNDA:0,(anonymous_12)
FNDA:0,(anonymous_13)
FNDA:0,(anonymous_14)
FNDA:0,getUserOrders
FNDA:0,(anonymous_16)
FNDA:0,(anonymous_17)
FNDA:0,(anonymous_18)
FNDA:0,verifyPayment
FNDA:0,handlePaymentWebhook
FNDA:0,cancelOrder
FNDA:0,(anonymous_22)
FNDA:0,(anonymous_23)
FNDA:0,(anonymous_24)
FNDA:0,getVendorOrders
FNDA:0,updateOrderItemStatus
FNDA:0,(anonymous_27)
FNDA:0,getAllOrders
DA:19,0
DA:20,0
DA:21,0
DA:22,0
DA:23,0
DA:108,0
DA:109,0
DA:117,0
DA:118,0
DA:119,0
DA:122,0
DA:123,0
DA:127,0
DA:135,0
DA:136,0
DA:137,0
DA:140,0
DA:141,0
DA:144,0
DA:145,0
DA:146,0
DA:151,0
DA:152,0
DA:153,0
DA:155,0
DA:156,0
DA:158,0
DA:160,0
DA:161,0
DA:166,0
DA:167,0
DA:173,0
DA:174,0
DA:177,0
DA:179,0
DA:180,0
DA:182,0
DA:187,0
DA:188,0
DA:191,0
DA:192,0
DA:196,0
DA:197,0
DA:203,0
DA:204,0
DA:210,0
DA:214,0
DA:217,0
DA:224,0
DA:226,0
DA:229,0
DA:230,0
DA:233,0
DA:241,0
DA:267,0
DA:268,0
DA:274,0
DA:279,0
DA:280,0
DA:283,0
DA:284,0
DA:286,0
DA:292,0
DA:305,0
DA:307,0
DA:308,0
DA:314,0
DA:316,0
DA:324,0
DA:325,0
DA:326,0
DA:328,0
DA:340,0
DA:348,0
DA:350,0
DA:358,0
DA:368,0
DA:378,0
DA:392,0
DA:395,0
DA:452,0
DA:453,0
DA:455,0
DA:460,0
DA:461,0
DA:463,0
DA:468,0
DA:469,0
DA:481,0
DA:485,0
DA:497,0
DA:498,0
DA:499,0
DA:502,0
DA:505,0
DA:506,0
DA:573,0
DA:574,0
DA:575,0
DA:576,0
DA:577,0
DA:579,0
DA:582,0
DA:583,0
DA:586,0
DA:638,0
DA:639,0
DA:646,0
DA:649,0
DA:651,0
DA:659,0
DA:669,0
DA:670,0
DA:726,0
DA:727,0
DA:728,0
DA:729,0
DA:730,0
DA:731,0
DA:732,0
DA:735,0
DA:736,0
DA:737,0
DA:741,0
DA:750,0
DA:751,0
DA:755,0
DA:756,0
DA:757,0
DA:760,0
DA:761,0
DA:766,0
DA:767,0
DA:771,0
DA:777,0
DA:780,0
DA:783,0
DA:788,0
DA:792,0
DA:793,0
DA:802,0
DA:814,0
DA:822,0
DA:823,0
DA:827,0
DA:829,0
DA:838,0
DA:843,0
DA:847,0
DA:864,0
DA:865,0
DA:867,0
DA:883,0
DA:884,0
DA:896,0
DA:898,0
DA:910,0
DA:911,0
DA:912,0
DA:915,0
DA:918,0
DA:919,0
DA:1000,0
DA:1001,0
DA:1002,0
DA:1003,0
DA:1006,0
DA:1007,0
DA:1011,0
DA:1057,0
DA:1058,0
DA:1059,0
DA:1062,0
DA:1063,0
DA:1066,0
DA:1067,0
DA:1071,0
DA:1072,0
DA:1074,0
DA:1082,0
DA:1105,0
DA:1120,0
DA:1121,0
DA:1169,0
DA:1172,0
DA:1173,0
DA:1174,0
DA:1177,0
DA:1190,0
DA:1191,0
DA:1194,0
DA:1197,0
DA:1198,0
DA:1211,0
DA:1228,0
DA:1230,0
DA:1231,0
DA:1235,0
DA:1247,0
DA:1257,0
DA:1260,0
DA:1262,0
DA:1270,0
DA:1273,0
DA:1274,0
DA:1289,0
DA:1293,0
DA:1305,0
DA:1306,0
DA:1307,0
DA:1310,0
DA:1313,0
DA:1316,0
DA:1317,0
DA:1326,0
DA:1367,0
DA:1368,0
DA:1369,0
DA:1372,0
DA:1374,0
DA:1375,0
DA:1378,0
DA:1379,0
DA:1380,0
DA:1383,0
DA:1386,0
DA:1387,0
DA:1436,0
DA:1437,0
DA:1438,0
DA:1439,0
DA:1440,0
DA:1443,0
DA:1456,0
DA:1457,0
DA:1463,0
DA:1474,0
DA:1476,0
DA:1481,0
DA:1482,0
DA:1483,0
DA:1486,0
DA:1493,0
DA:1505,0
DA:1509,0
DA:1511,0
DA:1513,0
DA:1516,0
DA:1517,0
DA:1523,0
DA:1525,0
DA:1531,0
DA:1536,0
DA:1538,0
DA:1543,0
DA:1547,0
DA:1549,0
DA:1567,0
DA:1574,0
DA:1590,0
DA:1592,0
DA:1603,0
DA:1604,0
DA:1605,0
DA:1608,0
DA:1611,0
DA:1612,0
DA:1678,0
DA:1679,0
DA:1680,0
DA:1681,0
DA:1683,0
DA:1687,0
DA:1688,0
DA:1691,0
DA:1718,0
DA:1728,0
DA:1729,0
DA:1781,0
DA:1782,0
DA:1783,0
DA:1784,0
DA:1785,0
DA:1788,0
DA:1789,0
DA:1790,0
DA:1796,0
DA:1814,0
DA:1815,0
DA:1821,0
DA:1831,0
DA:1836,0
DA:1838,0
DA:1840,0
DA:1849,0
DA:1851,0
DA:1862,0
DA:1863,0
DA:1864,0
DA:1867,0
DA:1870,0
DA:1871,0
DA:1952,0
DA:1953,0
DA:1954,0
DA:1956,0
DA:1957,0
DA:1958,0
DA:1961,0
DA:2000,0
DA:2010,0
DA:2011,0
DA:2019,0
LF:313
LH:0
BRDA:113,0,0,0
BRDA:114,1,0,0
BRDA:116,2,0,0
BRDA:122,3,0,0
BRDA:122,3,1,0
BRDA:122,4,0,0
BRDA:122,4,1,0
BRDA:122,4,2,0
BRDA:135,5,0,0
BRDA:135,5,1,0
BRDA:136,6,0,0
BRDA:136,6,1,0
BRDA:151,7,0,0
BRDA:151,7,1,0
BRDA:152,8,0,0
BRDA:152,8,1,0
BRDA:155,9,0,0
BRDA:155,9,1,0
BRDA:158,10,0,0
BRDA:158,10,1,0
BRDA:158,11,0,0
BRDA:158,11,1,0
BRDA:166,12,0,0
BRDA:166,12,1,0
BRDA:174,13,0,0
BRDA:174,13,1,0
BRDA:180,14,0,0
BRDA:180,14,1,0
BRDA:187,15,0,0
BRDA:187,15,1,0
BRDA:191,16,0,0
BRDA:191,16,1,0
BRDA:191,17,0,0
BRDA:191,17,1,0
BRDA:196,18,0,0
BRDA:196,18,1,0
BRDA:203,19,0,0
BRDA:203,19,1,0
BRDA:208,20,0,0
BRDA:208,20,1,0
BRDA:210,21,0,0
BRDA:210,21,1,0
BRDA:211,22,0,0
BRDA:211,22,1,0
BRDA:229,23,0,0
BRDA:229,23,1,0
BRDA:229,24,0,0
BRDA:229,24,1,0
BRDA:244,25,0,0
BRDA:244,25,1,0
BRDA:248,26,0,0
BRDA:248,26,1,0
BRDA:279,27,0,0
BRDA:279,27,1,0
BRDA:305,28,0,0
BRDA:305,28,1,0
BRDA:305,29,0,0
BRDA:305,29,1,0
BRDA:314,30,0,0
BRDA:314,30,1,0
BRDA:324,31,0,0
BRDA:324,31,1,0
BRDA:325,32,0,0
BRDA:325,32,1,0
BRDA:331,33,0,0
BRDA:331,33,1,0
BRDA:332,34,0,0
BRDA:332,34,1,0
BRDA:385,35,0,0
BRDA:385,35,1,0
BRDA:491,36,0,0
BRDA:491,36,1,0
BRDA:498,37,0,0
BRDA:498,37,1,0
BRDA:498,38,0,0
BRDA:498,38,1,0
BRDA:508,39,0,0
BRDA:508,39,1,0
BRDA:509,40,0,0
BRDA:509,40,1,0
BRDA:582,41,0,0
BRDA:582,41,1,0
BRDA:618,42,0,0
BRDA:618,42,1,0
BRDA:638,43,0,0
BRDA:638,43,1,0
BRDA:654,44,0,0
BRDA:654,44,1,0
BRDA:655,45,0,0
BRDA:655,45,1,0
BRDA:673,46,0,0
BRDA:673,46,1,0
BRDA:736,47,0,0
BRDA:736,47,1,0
BRDA:750,48,0,0
BRDA:750,48,1,0
BRDA:755,49,0,0
BRDA:755,49,1,0
BRDA:760,50,0,0
BRDA:760,50,1,0
BRDA:767,51,0,0
BRDA:767,51,1,0
BRDA:768,52,0,0
BRDA:768,52,1,0
BRDA:768,52,2,0
BRDA:780,53,0,0
BRDA:780,53,1,0
BRDA:780,53,2,0
BRDA:792,54,0,0
BRDA:792,54,1,0
BRDA:841,55,0,0
BRDA:841,55,1,0
BRDA:864,56,0,0
BRDA:864,56,1,0
BRDA:864,57,0,0
BRDA:864,57,1,0
BRDA:871,58,0,0
BRDA:871,58,1,0
BRDA:883,59,0,0
BRDA:883,59,1,0
BRDA:911,60,0,0
BRDA:911,60,1,0
BRDA:911,61,0,0
BRDA:911,61,1,0
BRDA:921,62,0,0
BRDA:921,62,1,0
BRDA:922,63,0,0
BRDA:922,63,1,0
BRDA:1001,64,0,0
BRDA:1001,65,0,0
BRDA:1006,66,0,0
BRDA:1006,66,1,0
BRDA:1071,67,0,0
BRDA:1071,67,1,0
BRDA:1072,68,0,0
BRDA:1072,68,1,0
BRDA:1088,69,0,0
BRDA:1088,69,1,0
BRDA:1124,70,0,0
BRDA:1124,70,1,0
BRDA:1183,71,0,0
BRDA:1183,71,1,0
BRDA:1190,72,0,0
BRDA:1190,72,1,0
BRDA:1197,73,0,0
BRDA:1197,73,1,0
BRDA:1230,74,0,0
BRDA:1230,74,1,0
BRDA:1230,75,0,0
BRDA:1230,75,1,0
BRDA:1231,76,0,0
BRDA:1231,76,1,0
BRDA:1239,77,0,0
BRDA:1239,77,1,0
BRDA:1306,78,0,0
BRDA:1306,78,1,0
BRDA:1306,79,0,0
BRDA:1306,79,1,0
BRDA:1316,80,0,0
BRDA:1316,80,1,0
BRDA:1320,81,0,0
BRDA:1320,81,1,0
BRDA:1328,82,0,0
BRDA:1328,82,1,0
BRDA:1329,83,0,0
BRDA:1329,83,1,0
BRDA:1379,84,0,0
BRDA:1379,84,1,0
BRDA:1379,85,0,0
BRDA:1379,85,1,0
BRDA:1389,86,0,0
BRDA:1389,86,1,0
BRDA:1456,87,0,0
BRDA:1456,87,1,0
BRDA:1481,88,0,0
BRDA:1481,88,1,0
BRDA:1511,89,0,0
BRDA:1511,89,1,0
BRDA:1511,90,0,0
BRDA:1511,90,1,0
BRDA:1513,91,0,0
BRDA:1513,91,1,0
BRDA:1523,92,0,0
BRDA:1523,92,1,0
BRDA:1547,93,0,0
BRDA:1547,93,1,0
BRDA:1570,94,0,0
BRDA:1570,94,1,0
BRDA:1583,95,0,0
BRDA:1583,95,1,0
BRDA:1604,96,0,0
BRDA:1604,96,1,0
BRDA:1604,97,0,0
BRDA:1604,97,1,0
BRDA:1614,98,0,0
BRDA:1614,98,1,0
BRDA:1615,99,0,0
BRDA:1615,99,1,0
BRDA:1679,100,0,0
BRDA:1679,101,0,0
BRDA:1687,102,0,0
BRDA:1687,102,1,0
BRDA:1732,103,0,0
BRDA:1732,103,1,0
BRDA:1789,104,0,0
BRDA:1789,104,1,0
BRDA:1814,105,0,0
BRDA:1814,105,1,0
BRDA:1838,106,0,0
BRDA:1838,106,1,0
BRDA:1838,107,0,0
BRDA:1838,107,1,0
BRDA:1863,108,0,0
BRDA:1863,108,1,0
BRDA:1863,109,0,0
BRDA:1863,109,1,0
BRDA:1873,110,0,0
BRDA:1873,110,1,0
BRDA:1874,111,0,0
BRDA:1874,111,1,0
BRDA:1953,112,0,0
BRDA:1953,113,0,0
BRDA:1957,114,0,0
BRDA:1957,114,1,0
BRDA:2014,115,0,0
BRDA:2014,115,1,0
BRF:226
BRH:0
end_of_record
TN:
SF:controllers\product.controller.js
FN:85,(anonymous_0)
FN:163,(anonymous_1)
FN:173,(anonymous_2)
FN:262,(anonymous_3)
FN:414,(anonymous_4)
FN:540,(anonymous_5)
FN:549,(anonymous_6)
FN:701,(anonymous_7)
FN:773,(anonymous_8)
FN:879,(anonymous_9)
FN:1008,(anonymous_10)
FN:1123,(anonymous_11)
FN:1183,(anonymous_12)
FN:1271,(anonymous_13)
FN:1390,(anonymous_14)
FN:1393,(anonymous_15)
FN:1394,(anonymous_16)
FN:1560,(anonymous_17)
FN:1624,(anonymous_18)
FNF:19
FNH:0
FNDA:0,(anonymous_0)
FNDA:0,(anonymous_1)
FNDA:0,(anonymous_2)
FNDA:0,(anonymous_3)
FNDA:0,(anonymous_4)
FNDA:0,(anonymous_5)
FNDA:0,(anonymous_6)
FNDA:0,(anonymous_7)
FNDA:0,(anonymous_8)
FNDA:0,(anonymous_9)
FNDA:0,(anonymous_10)
FNDA:0,(anonymous_11)
FNDA:0,(anonymous_12)
FNDA:0,(anonymous_13)
FNDA:0,(anonymous_14)
FNDA:0,(anonymous_15)
FNDA:0,(anonymous_16)
FNDA:0,(anonymous_17)
FNDA:0,(anonymous_18)
DA:10,0
DA:11,0
DA:12,0
DA:13,0
DA:85,0
DA:86,0
DA:96,0
DA:101,0
DA:103,0
DA:104,0
DA:107,0
DA:110,0
DA:112,0
DA:113,0
DA:118,0
DA:119,0
DA:125,0
DA:126,0
DA:127,0
DA:131,0
DA:138,0
DA:141,0
DA:142,0
DA:143,0
DA:147,0
DA:161,0
DA:162,0
DA:163,0
DA:171,0
DA:172,0
DA:173,0
DA:182,0
DA:202,0
DA:207,0
DA:262,0
DA:263,0
DA:264,0
DA:265,0
DA:267,0
DA:270,0
DA:272,0
DA:274,0
DA:275,0
DA:278,0
DA:287,0
DA:288,0
DA:291,0
DA:292,0
DA:298,0
DA:299,0
DA:303,0
DA:304,0
DA:310,0
DA:343,0
DA:350,0
DA:414,0
DA:415,0
DA:416,0
DA:419,0
DA:421,0
DA:422,0
DA:423,0
DA:425,0
DA:428,0
DA:449,0
DA:450,0
DA:454,0
DA:462,0
DA:463,0
DA:468,0
DA:473,0
DA:540,0
DA:541,0
DA:542,0
DA:544,0
DA:545,0
DA:549,0
DA:551,0
DA:553,0
DA:558,0
DA:559,0
DA:562,0
DA:563,0
DA:567,0
DA:568,0
DA:572,0
DA:581,0
DA:582,0
DA:585,0
DA:586,0
DA:590,0
DA:591,0
DA:594,0
DA:595,0
DA:596,0
DA:597,0
DA:599,0
DA:603,0
DA:604,0
DA:607,0
DA:614,0
DA:621,0
DA:622,0
DA:625,0
DA:629,0
DA:630,0
DA:631,0
DA:632,0
DA:635,0
DA:636,0
DA:640,0
DA:643,0
DA:663,0
DA:668,0
DA:701,0
DA:702,0
DA:703,0
DA:705,0
DA:706,0
DA:710,0
DA:711,0
DA:714,0
DA:716,0
DA:721,0
DA:773,0
DA:774,0
DA:775,0
DA:776,0
DA:778,0
DA:780,0
DA:781,0
DA:784,0
DA:813,0
DA:820,0
DA:879,0
DA:880,0
DA:881,0
DA:882,0
DA:884,0
DA:887,0
DA:888,0
DA:895,0
DA:896,0
DA:898,0
DA:939,0
DA:946,0
DA:1008,0
DA:1009,0
DA:1010,0
DA:1028,0
DA:1029,0
DA:1033,0
DA:1035,0
DA:1036,0
DA:1037,0
DA:1038,0
DA:1043,0
DA:1044,0
DA:1045,0
DA:1052,0
DA:1053,0
DA:1054,0
DA:1058,0
DA:1069,0
DA:1089,0
DA:1094,0
DA:1123,0
DA:1124,0
DA:1125,0
DA:1127,0
DA:1128,0
DA:1131,0
DA:1133,0
DA:1138,0
DA:1183,0
DA:1184,0
DA:1185,0
DA:1187,0
DA:1194,0
DA:1195,0
DA:1198,0
DA:1200,0
DA:1211,0
DA:1271,0
DA:1272,0
DA:1273,0
DA:1274,0
DA:1275,0
DA:1277,0
DA:1280,0
DA:1281,0
DA:1284,0
DA:1317,0
DA:1324,0
DA:1390,0
DA:1391,0
DA:1392,0
DA:1393,0
DA:1394,0
DA:1397,0
DA:1404,0
DA:1405,0
DA:1409,0
DA:1410,0
DA:1416,0
DA:1438,0
DA:1461,0
DA:1463,0
DA:1469,0
DA:1473,0
DA:1497,0
DA:1560,0
DA:1561,0
DA:1562,0
DA:1563,0
DA:1564,0
DA:1568,0
DA:1587,0
DA:1610,0
DA:1612,0
DA:1624,0
DA:1635,0
DA:1639,0
LF:223
LH:0
BRDA:93,0,0,0
BRDA:94,1,0,0
BRDA:101,2,0,0
BRDA:101,2,1,0
BRDA:103,3,0,0
BRDA:103,3,1,0
BRDA:112,4,0,0
BRDA:112,4,1,0
BRDA:118,5,0,0
BRDA:118,5,1,0
BRDA:126,6,0,0
BRDA:126,6,1,0
BRDA:141,7,0,0
BRDA:141,7,1,0
BRDA:161,8,0,0
BRDA:161,8,1,0
BRDA:161,9,0,0
BRDA:161,9,1,0
BRDA:171,10,0,0
BRDA:171,10,1,0
BRDA:171,11,0,0
BRDA:171,11,1,0
BRDA:264,12,0,0
BRDA:264,13,0,0
BRDA:270,14,0,0
BRDA:270,14,1,0
BRDA:272,15,0,0
BRDA:272,15,1,0
BRDA:274,16,0,0
BRDA:274,16,1,0
BRDA:287,17,0,0
BRDA:287,17,1,0
BRDA:298,18,0,0
BRDA:298,18,1,0
BRDA:303,19,0,0
BRDA:303,19,1,0
BRDA:419,20,0,0
BRDA:419,20,1,0
BRDA:422,21,0,0
BRDA:422,21,1,0
BRDA:449,22,0,0
BRDA:449,22,1,0
BRDA:463,23,0,0
BRDA:463,23,1,0
BRDA:544,24,0,0
BRDA:544,24,1,0
BRDA:549,25,0,0
BRDA:549,25,1,0
BRDA:551,26,0,0
BRDA:551,26,1,0
BRDA:558,27,0,0
BRDA:558,27,1,0
BRDA:562,28,0,0
BRDA:562,28,1,0
BRDA:581,29,0,0
BRDA:581,29,1,0
BRDA:585,30,0,0
BRDA:585,30,1,0
BRDA:594,31,0,0
BRDA:594,31,1,0
BRDA:596,32,0,0
BRDA:596,32,1,0
BRDA:603,33,0,0
BRDA:603,33,1,0
BRDA:603,34,0,0
BRDA:603,34,1,0
BRDA:621,35,0,0
BRDA:621,35,1,0
BRDA:629,36,0,0
BRDA:629,36,1,0
BRDA:630,37,0,0
BRDA:630,37,1,0
BRDA:631,38,0,0
BRDA:631,38,1,0
BRDA:632,39,0,0
BRDA:632,39,1,0
BRDA:635,40,0,0
BRDA:635,40,1,0
BRDA:705,41,0,0
BRDA:705,41,1,0
BRDA:710,42,0,0
BRDA:710,42,1,0
BRDA:710,43,0,0
BRDA:710,43,1,0
BRDA:775,44,0,0
BRDA:775,45,0,0
BRDA:780,46,0,0
BRDA:780,46,1,0
BRDA:881,47,0,0
BRDA:881,48,0,0
BRDA:887,49,0,0
BRDA:887,49,1,0
BRDA:895,50,0,0
BRDA:895,50,1,0
BRDA:896,51,0,0
BRDA:896,51,1,0
BRDA:1028,52,0,0
BRDA:1028,52,1,0
BRDA:1035,53,0,0
BRDA:1035,53,1,0
BRDA:1037,54,0,0
BRDA:1037,54,1,0
BRDA:1044,55,0,0
BRDA:1044,55,1,0
BRDA:1044,56,0,0
BRDA:1044,56,1,0
BRDA:1053,57,0,0
BRDA:1053,57,1,0
BRDA:1053,58,0,0
BRDA:1053,58,1,0
BRDA:1059,59,0,0
BRDA:1059,59,1,0
BRDA:1061,60,0,0
BRDA:1061,60,1,0
BRDA:1062,61,0,0
BRDA:1062,61,1,0
BRDA:1063,62,0,0
BRDA:1063,62,1,0
BRDA:1064,63,0,0
BRDA:1064,63,1,0
BRDA:1065,64,0,0
BRDA:1065,64,1,0
BRDA:1127,65,0,0
BRDA:1127,65,1,0
BRDA:1194,66,0,0
BRDA:1194,66,1,0
BRDA:1274,67,0,0
BRDA:1274,68,0,0
BRDA:1280,69,0,0
BRDA:1280,69,1,0
BRDA:1404,70,0,0
BRDA:1404,70,1,0
BRDA:1409,71,0,0
BRDA:1409,71,1,0
BRDA:1409,72,0,0
BRDA:1409,72,1,0
BRDA:1409,72,2,0
BRDA:1461,73,0,0
BRDA:1461,73,1,0
BRDA:1463,74,0,0
BRDA:1463,74,1,0
BRDA:1463,75,0,0
BRDA:1463,75,1,0
BRDA:1469,76,0,0
BRDA:1469,76,1,0
BRDA:1469,77,0,0
BRDA:1469,77,1,0
BRDA:1484,78,0,0
BRDA:1484,78,1,0
BRDA:1485,79,0,0
BRDA:1485,79,1,0
BRDA:1486,80,0,0
BRDA:1486,80,1,0
BRDA:1487,81,0,0
BRDA:1487,81,1,0
BRDA:1563,82,0,0
BRDA:1563,82,1,0
BRDA:1610,83,0,0
BRDA:1610,83,1,0
BRDA:1616,84,0,0
BRDA:1616,84,1,0
BRDA:1617,85,0,0
BRDA:1617,85,1,0
BRDA:1618,86,0,0
BRDA:1618,86,1,0
BRDA:1619,87,0,0
BRDA:1619,87,1,0
BRDA:1621,88,0,0
BRDA:1621,88,1,0
BRDA:1622,89,0,0
BRDA:1622,89,1,0
BRDA:1627,90,0,0
BRDA:1627,90,1,0
BRDA:1628,91,0,0
BRDA:1628,91,1,0
BRDA:1629,92,0,0
BRDA:1629,92,1,0
BRDA:1630,93,0,0
BRDA:1630,93,1,0
BRF:179
BRH:0
end_of_record
TN:
SF:controllers\review.controller.js
FN:24,(anonymous_0)
FN:108,(anonymous_1)
FN:160,(anonymous_2)
FN:207,(anonymous_3)
FN:320,(anonymous_4)
FN:408,(anonymous_5)
FNF:6
FNH:0
FNDA:0,(anonymous_0)
FNDA:0,(anonymous_1)
FNDA:0,(anonymous_2)
FNDA:0,(anonymous_3)
FNDA:0,(anonymous_4)
FNDA:0,(anonymous_5)
DA:1,0
DA:2,0
DA:3,0
DA:24,0
DA:25,0
DA:26,0
DA:27,0
DA:30,0
DA:44,0
DA:45,0
DA:54,0
DA:58,0
DA:59,0
DA:63,0
DA:71,0
DA:84,0
DA:89,0
DA:108,0
DA:109,0
DA:110,0
DA:112,0
DA:113,0
DA:116,0
DA:117,0
DA:118,0
DA:120,0
DA:137,0
DA:144,0
DA:160,0
DA:161,0
DA:162,0
DA:175,0
DA:176,0
DA:179,0
DA:184,0
DA:207,0
DA:208,0
DA:209,0
DA:211,0
DA:212,0
DA:216,0
DA:230,0
DA:231,0
DA:240,0
DA:254,0
DA:255,0
DA:264,0
DA:265,0
DA:268,0
DA:269,0
DA:271,0
DA:272,0
DA:275,0
DA:276,0
DA:279,0
DA:282,0
DA:295,0
DA:300,0
DA:320,0
DA:321,0
DA:322,0
DA:324,0
DA:325,0
DA:329,0
DA:343,0
DA:344,0
DA:353,0
DA:367,0
DA:368,0
DA:377,0
DA:378,0
DA:381,0
DA:383,0
DA:388,0
DA:408,0
DA:409,0
DA:410,0
DA:411,0
DA:412,0
DA:415,0
DA:419,0
DA:420,0
DA:423,0
DA:424,0
DA:426,0
DA:439,0
DA:451,0
DA:455,0
LF:88
LH:0
BRDA:44,0,0,0
BRDA:44,0,1,0
BRDA:58,1,0,0
BRDA:58,1,1,0
BRDA:110,2,0,0
BRDA:110,3,0,0
BRDA:116,4,0,0
BRDA:116,4,1,0
BRDA:117,5,0,0
BRDA:117,5,1,0
BRDA:118,6,0,0
BRDA:118,6,1,0
BRDA:175,7,0,0
BRDA:175,7,1,0
BRDA:211,8,0,0
BRDA:211,8,1,0
BRDA:230,9,0,0
BRDA:230,9,1,0
BRDA:254,10,0,0
BRDA:254,10,1,0
BRDA:264,11,0,0
BRDA:264,11,1,0
BRDA:271,12,0,0
BRDA:271,12,1,0
BRDA:272,13,0,0
BRDA:272,13,1,0
BRDA:275,14,0,0
BRDA:275,14,1,0
BRDA:324,15,0,0
BRDA:324,15,1,0
BRDA:343,16,0,0
BRDA:343,16,1,0
BRDA:367,17,0,0
BRDA:367,17,1,0
BRDA:377,18,0,0
BRDA:377,18,1,0
BRDA:411,19,0,0
BRDA:411,20,0,0
BRDA:419,21,0,0
BRDA:419,21,1,0
BRDA:424,22,0,0
BRDA:424,22,1,0
BRF:42
BRH:0
end_of_record
TN:
SF:controllers\role.controller.js
FN:24,(anonymous_0)
FN:65,(anonymous_1)
FN:92,(anonymous_2)
FN:118,(anonymous_3)
FN:149,(anonymous_4)
FNF:5
FNH:0
FNDA:0,(anonymous_0)
FNDA:0,(anonymous_1)
FNDA:0,(anonymous_2)
FNDA:0,(anonymous_3)
FNDA:0,(anonymous_4)
DA:1,0
DA:2,0
DA:3,0
DA:24,0
DA:25,0
DA:26,0
DA:31,0
DA:39,0
DA:40,0
DA:65,0
DA:66,0
DA:67,0
DA:71,0
DA:72,0
DA:75,0
DA:82,0
DA:83,0
DA:92,0
DA:93,0
DA:94,0
DA:96,0
DA:101,0
DA:108,0
DA:109,0
DA:118,0
DA:119,0
DA:120,0
DA:121,0
DA:123,0
DA:124,0
DA:127,0
DA:132,0
DA:139,0
DA:140,0
DA:149,0
DA:150,0
DA:151,0
DA:153,0
DA:154,0
DA:157,0
DA:159,0
DA:164,0
DA:165,0
DA:169,0
LF:44
LH:0
BRDA:71,0,0,0
BRDA:71,0,1,0
BRDA:123,1,0,0
BRDA:123,1,1,0
BRDA:128,2,0,0
BRDA:128,2,1,0
BRDA:129,3,0,0
BRDA:129,3,1,0
BRDA:153,4,0,0
BRDA:153,4,1,0
BRF:10
BRH:0
end_of_record
TN:
SF:controllers\subadmin.controller.js
FN:24,(anonymous_0)
FN:149,(anonymous_1)
FN:181,(anonymous_2)
FN:239,(anonymous_3)
FN:265,(anonymous_4)
FN:290,(anonymous_5)
FN:313,(anonymous_6)
FN:336,(anonymous_7)
FN:440,(anonymous_8)
FN:512,(anonymous_9)
FN:545,(anonymous_10)
FN:562,(anonymous_11)
FN:590,(anonymous_12)
FNF:13
FNH:0
FNDA:0,(anonymous_0)
FNDA:0,(anonymous_1)
FNDA:0,(anonymous_2)
FNDA:0,(anonymous_3)
FNDA:0,(anonymous_4)
FNDA:0,(anonymous_5)
FNDA:0,(anonymous_6)
FNDA:0,(anonymous_7)
FNDA:0,(anonymous_8)
FNDA:0,(anonymous_9)
FNDA:0,(anonymous_10)
FNDA:0,(anonymous_11)
FNDA:0,(anonymous_12)
DA:8,0
DA:9,0
DA:10,0
DA:13,0
DA:14,0
DA:15,0
DA:16,0
DA:24,0
DA:34,0
DA:37,0
DA:39,0
DA:41,0
DA:42,0
DA:43,0
DA:47,0
DA:48,0
DA:49,0
DA:50,0
DA:57,0
DA:58,0
DA:59,0
DA:60,0
DA:62,0
DA:63,0
DA:68,0
DA:71,0
DA:81,0
DA:82,0
DA:88,0
DA:90,0
DA:95,0
DA:97,0
DA:106,0
DA:109,0
DA:127,0
DA:128,0
DA:131,0
DA:140,0
DA:141,0
DA:142,0
DA:144,0
DA:149,0
DA:158,0
DA:162,0
DA:163,0
DA:164,0
DA:167,0
DA:171,0
DA:181,0
DA:182,0
DA:184,0
DA:187,0
DA:208,0
DA:209,0
DA:216,0
DA:239,0
DA:240,0
DA:241,0
DA:242,0
DA:245,0
DA:265,0
DA:266,0
DA:268,0
DA:285,0
DA:286,0
DA:290,0
DA:291,0
DA:292,0
DA:296,0
DA:297,0
DA:299,0
DA:313,0
DA:314,0
DA:315,0
DA:318,0
DA:320,0
DA:321,0
DA:331,0
DA:332,0
DA:336,0
DA:337,0
DA:338,0
DA:342,0
DA:343,0
DA:344,0
DA:345,0
DA:347,0
DA:348,0
DA:352,0
DA:355,0
DA:362,0
DA:364,0
DA:365,0
DA:366,0
DA:368,0
DA:373,0
DA:375,0
DA:382,0
DA:388,0
DA:391,0
DA:409,0
DA:410,0
DA:412,0
DA:421,0
DA:422,0
DA:423,0
DA:426,0
DA:430,0
DA:440,0
DA:441,0
DA:442,0
DA:444,0
DA:445,0
DA:446,0
DA:450,0
DA:455,0
DA:456,0
DA:460,0
DA:461,0
DA:462,0
DA:463,0
DA:468,0
DA:476,0
DA:494,0
DA:495,0
DA:497,0
DA:512,0
DA:513,0
DA:515,0
DA:516,0
DA:517,0
DA:521,0
DA:526,0
DA:527,0
DA:531,0
DA:533,0
DA:545,0
DA:546,0
DA:548,0
DA:562,0
DA:563,0
DA:576,0
DA:590,0
DA:591,0
DA:593,0
DA:597,0
DA:605,0
LF:147
LH:0
BRDA:42,0,0,0
BRDA:42,0,1,0
BRDA:47,1,0,0
BRDA:47,1,1,0
BRDA:49,2,0,0
BRDA:49,2,1,0
BRDA:57,3,0,0
BRDA:57,3,1,0
BRDA:59,4,0,0
BRDA:59,4,1,0
BRDA:62,5,0,0
BRDA:62,5,1,0
BRDA:81,6,0,0
BRDA:81,6,1,0
BRDA:88,7,0,0
BRDA:88,7,1,0
BRDA:88,8,0,0
BRDA:88,8,1,0
BRDA:95,9,0,0
BRDA:95,9,1,0
BRDA:95,10,0,0
BRDA:95,10,1,0
BRDA:141,11,0,0
BRDA:141,11,1,0
BRDA:142,12,0,0
BRDA:142,12,1,0
BRDA:163,13,0,0
BRDA:163,13,1,0
BRDA:163,14,0,0
BRDA:163,14,1,0
BRDA:182,15,0,0
BRDA:182,16,0,0
BRDA:208,17,0,0
BRDA:208,17,1,0
BRDA:285,18,0,0
BRDA:285,18,1,0
BRDA:291,19,0,0
BRDA:291,19,1,0
BRDA:331,20,0,0
BRDA:331,20,1,0
BRDA:337,21,0,0
BRDA:337,21,1,0
BRDA:342,22,0,0
BRDA:342,22,1,0
BRDA:344,23,0,0
BRDA:344,23,1,0
BRDA:347,24,0,0
BRDA:347,24,1,0
BRDA:362,25,0,0
BRDA:362,25,1,0
BRDA:362,26,0,0
BRDA:362,26,1,0
BRDA:365,27,0,0
BRDA:365,27,1,0
BRDA:366,28,0,0
BRDA:366,28,1,0
BRDA:366,29,0,0
BRDA:366,29,1,0
BRDA:373,30,0,0
BRDA:373,30,1,0
BRDA:373,31,0,0
BRDA:373,31,1,0
BRDA:422,32,0,0
BRDA:422,32,1,0
BRDA:422,33,0,0
BRDA:422,33,1,0
BRDA:445,34,0,0
BRDA:445,34,1,0
BRDA:455,35,0,0
BRDA:455,35,1,0
BRDA:455,36,0,0
BRDA:455,36,1,0
BRDA:460,37,0,0
BRDA:460,37,1,0
BRDA:460,38,0,0
BRDA:460,38,1,0
BRDA:462,39,0,0
BRDA:462,39,1,0
BRDA:469,40,0,0
BRDA:469,40,1,0
BRDA:470,41,0,0
BRDA:470,41,1,0
BRDA:471,42,0,0
BRDA:471,42,1,0
BRDA:472,43,0,0
BRDA:472,43,1,0
BRDA:516,44,0,0
BRDA:516,44,1,0
BRDA:526,45,0,0
BRDA:526,45,1,0
BRDA:526,46,0,0
BRDA:526,46,1,0
BRDA:591,47,0,0
BRF:93
BRH:0
end_of_record
TN:
SF:controllers\supply.controller.js
FN:35,(anonymous_0)
FN:96,(anonymous_1)
FN:110,(anonymous_2)
FN:121,(anonymous_3)
FN:193,(anonymous_4)
FN:197,(anonymous_5)
FN:198,(anonymous_6)
FN:234,(anonymous_7)
FN:289,(anonymous_8)
FN:347,(anonymous_9)
FN:376,(anonymous_10)
FN:424,(anonymous_11)
FN:480,(anonymous_12)
FN:516,(anonymous_13)
FN:555,(anonymous_14)
FN:620,(anonymous_15)
FNF:16
FNH:0
FNDA:0,(anonymous_0)
FNDA:0,(anonymous_1)
FNDA:0,(anonymous_2)
FNDA:0,(anonymous_3)
FNDA:0,(anonymous_4)
FNDA:0,(anonymous_5)
FNDA:0,(anonymous_6)
FNDA:0,(anonymous_7)
FNDA:0,(anonymous_8)
FNDA:0,(anonymous_9)
FNDA:0,(anonymous_10)
FNDA:0,(anonymous_11)
FNDA:0,(anonymous_12)
FNDA:0,(anonymous_13)
FNDA:0,(anonymous_14)
FNDA:0,(anonymous_15)
DA:1,0
DA:2,0
DA:3,0
DA:35,0
DA:36,0
DA:38,0
DA:39,0
DA:42,0
DA:44,0
DA:45,0
DA:46,0
DA:49,0
DA:50,0
DA:51,0
DA:55,0
DA:59,0
DA:60,0
DA:61,0
DA:65,0
DA:75,0
DA:77,0
DA:79,0
DA:86,0
DA:87,0
DA:96,0
DA:97,0
DA:98,0
DA:99,0
DA:100,0
DA:102,0
DA:103,0
DA:105,0
DA:106,0
DA:110,0
DA:113,0
DA:120,0
DA:121,0
DA:122,0
DA:126,0
DA:140,0
DA:143,0
DA:145,0
DA:146,0
DA:147,0
DA:148,0
DA:150,0
DA:153,0
DA:162,0
DA:165,0
DA:170,0
DA:172,0
DA:175,0
DA:179,0
DA:186,0
DA:189,0
DA:193,0
DA:197,0
DA:198,0
DA:206,0
DA:210,0
DA:211,0
DA:212,0
DA:216,0
DA:217,0
DA:220,0
DA:221,0
DA:225,0
DA:234,0
DA:235,0
DA:236,0
DA:237,0
DA:239,0
DA:241,0
DA:242,0
DA:243,0
DA:244,0
DA:245,0
DA:246,0
DA:247,0
DA:250,0
DA:270,0
DA:280,0
DA:289,0
DA:290,0
DA:291,0
DA:292,0
DA:295,0
DA:300,0
DA:301,0
DA:304,0
DA:306,0
DA:307,0
DA:308,0
DA:309,0
DA:310,0
DA:311,0
DA:314,0
DA:328,0
DA:338,0
DA:347,0
DA:348,0
DA:349,0
DA:357,0
DA:358,0
DA:361,0
DA:369,0
DA:376,0
DA:377,0
DA:379,0
DA:385,0
DA:387,0
DA:392,0
DA:401,0
DA:412,0
DA:414,0
DA:415,0
DA:424,0
DA:425,0
DA:426,0
DA:427,0
DA:428,0
DA:430,0
DA:432,0
DA:433,0
DA:434,0
DA:435,0
DA:438,0
DA:461,0
DA:471,0
DA:480,0
DA:481,0
DA:482,0
DA:483,0
DA:484,0
DA:486,0
DA:488,0
DA:489,0
DA:490,0
DA:491,0
DA:494,0
DA:515,0
DA:517,0
DA:518,0
DA:519,0
DA:530,0
DA:535,0
DA:546,0
DA:555,0
DA:556,0
DA:557,0
DA:559,0
DA:561,0
DA:562,0
DA:563,0
DA:564,0
DA:568,0
DA:571,0
DA:578,0
DA:585,0
DA:606,0
DA:619,0
DA:621,0
DA:622,0
DA:623,0
DA:633,0
DA:644,0
DA:648,0
LF:167
LH:0
BRDA:39,0,0,0
BRDA:44,1,0,0
BRDA:44,1,1,0
BRDA:49,2,0,0
BRDA:49,2,1,0
BRDA:59,3,0,0
BRDA:59,3,1,0
BRDA:105,4,0,0
BRDA:105,4,1,0
BRDA:197,5,0,0
BRDA:197,5,1,0
BRDA:198,6,0,0
BRDA:198,6,1,0
BRDA:210,7,0,0
BRDA:210,7,1,0
BRDA:210,8,0,0
BRDA:210,8,1,0
BRDA:216,9,0,0
BRDA:216,9,1,0
BRDA:220,10,0,0
BRDA:220,10,1,0
BRDA:236,11,0,0
BRDA:236,12,0,0
BRDA:241,13,0,0
BRDA:241,13,1,0
BRDA:242,14,0,0
BRDA:242,14,1,0
BRDA:243,15,0,0
BRDA:243,15,1,0
BRDA:244,16,0,0
BRDA:244,16,1,0
BRDA:244,17,0,0
BRDA:244,17,1,0
BRDA:246,18,0,0
BRDA:246,18,1,0
BRDA:247,19,0,0
BRDA:247,19,1,0
BRDA:291,20,0,0
BRDA:291,21,0,0
BRDA:300,22,0,0
BRDA:300,22,1,0
BRDA:306,23,0,0
BRDA:306,23,1,0
BRDA:307,24,0,0
BRDA:307,24,1,0
BRDA:308,25,0,0
BRDA:308,25,1,0
BRDA:308,26,0,0
BRDA:308,26,1,0
BRDA:310,27,0,0
BRDA:310,27,1,0
BRDA:311,28,0,0
BRDA:311,28,1,0
BRDA:357,29,0,0
BRDA:357,29,1,0
BRDA:376,30,0,0
BRDA:385,31,0,0
BRDA:385,31,1,0
BRDA:395,32,0,0
BRDA:395,32,1,0
BRDA:427,33,0,0
BRDA:427,34,0,0
BRDA:432,35,0,0
BRDA:432,35,1,0
BRDA:432,36,0,0
BRDA:432,36,1,0
BRDA:434,37,0,0
BRDA:434,37,1,0
BRDA:435,38,0,0
BRDA:435,38,1,0
BRDA:483,39,0,0
BRDA:483,40,0,0
BRDA:488,41,0,0
BRDA:488,41,1,0
BRDA:488,42,0,0
BRDA:488,42,1,0
BRDA:490,43,0,0
BRDA:490,43,1,0
BRDA:491,44,0,0
BRDA:491,44,1,0
BRDA:541,45,0,0
BRDA:541,45,1,0
BRDA:561,46,0,0
BRDA:561,46,1,0
BRDA:561,47,0,0
BRDA:561,47,1,0
BRDA:563,48,0,0
BRDA:563,48,1,0
BRDA:564,49,0,0
BRDA:564,49,1,0
BRDA:636,50,0,0
BRDA:636,50,1,0
BRF:92
BRH:0
end_of_record
TN:
SF:controllers\user.controller.js
FN:31,(anonymous_0)
FN:71,(anonymous_1)
FN:104,(anonymous_2)
FN:164,(anonymous_3)
FN:218,(anonymous_4)
FN:248,(anonymous_5)
FN:300,(anonymous_6)
FNF:7
FNH:0
FNDA:0,(anonymous_0)
FNDA:0,(anonymous_1)
FNDA:0,(anonymous_2)
FNDA:0,(anonymous_3)
FNDA:0,(anonymous_4)
FNDA:0,(anonymous_5)
FNDA:0,(anonymous_6)
DA:1,0
DA:2,0
DA:3,0
DA:4,0
DA:31,0
DA:32,0
DA:33,0
DA:34,0
DA:35,0
DA:37,0
DA:52,0
DA:61,0
DA:62,0
DA:71,0
DA:72,0
DA:73,0
DA:85,0
DA:86,0
DA:89,0
DA:94,0
DA:95,0
DA:104,0
DA:105,0
DA:106,0
DA:109,0
DA:110,0
DA:111,0
DA:115,0
DA:126,0
DA:127,0
DA:131,0
DA:132,0
DA:137,0
DA:149,0
DA:154,0
DA:155,0
DA:164,0
DA:165,0
DA:166,0
DA:169,0
DA:170,0
DA:173,0
DA:174,0
DA:175,0
DA:179,0
DA:182,0
DA:183,0
DA:187,0
DA:191,0
DA:203,0
DA:208,0
DA:209,0
DA:218,0
DA:219,0
DA:220,0
DA:222,0
DA:223,0
DA:227,0
DA:228,0
DA:231,0
DA:233,0
DA:238,0
DA:239,0
DA:248,0
DA:249,0
DA:250,0
DA:252,0
DA:253,0
DA:256,0
DA:257,0
DA:258,0
DA:261,0
DA:265,0
DA:266,0
DA:270,0
DA:273,0
DA:285,0
DA:290,0
DA:291,0
DA:300,0
DA:301,0
DA:302,0
DA:304,0
DA:305,0
DA:308,0
DA:309,0
DA:310,0
DA:313,0
DA:317,0
DA:318,0
DA:322,0
DA:325,0
DA:337,0
DA:342,0
DA:343,0
DA:347,0
LF:96
LH:0
BRDA:33,0,0,0
BRDA:33,0,1,0
BRDA:34,1,0,0
BRDA:34,1,1,0
BRDA:85,2,0,0
BRDA:85,2,1,0
BRDA:106,3,0,0
BRDA:110,4,0,0
BRDA:110,4,1,0
BRDA:126,5,0,0
BRDA:126,5,1,0
BRDA:126,6,0,0
BRDA:126,6,1,0
BRDA:131,7,0,0
BRDA:131,7,1,0
BRDA:169,8,0,0
BRDA:169,8,1,0
BRDA:174,9,0,0
BRDA:174,9,1,0
BRDA:182,10,0,0
BRDA:182,10,1,0
BRDA:222,11,0,0
BRDA:222,11,1,0
BRDA:227,12,0,0
BRDA:227,12,1,0
BRDA:252,13,0,0
BRDA:252,13,1,0
BRDA:252,14,0,0
BRDA:252,14,1,0
BRDA:252,14,2,0
BRDA:257,15,0,0
BRDA:257,15,1,0
BRDA:265,16,0,0
BRDA:265,16,1,0
BRDA:304,17,0,0
BRDA:304,17,1,0
BRDA:304,18,0,0
BRDA:304,18,1,0
BRDA:304,18,2,0
BRDA:309,19,0,0
BRDA:309,19,1,0
BRDA:317,20,0,0
BRDA:317,20,1,0
BRF:43
BRH:0
end_of_record
TN:
SF:controllers\vendor.controller.js
FN:19,(anonymous_0)
FN:27,(anonymous_1)
FN:38,(anonymous_2)
FN:306,(anonymous_3)
FN:397,(anonymous_4)
FN:513,(anonymous_5)
FN:602,(anonymous_6)
FN:684,(anonymous_7)
FN:775,(anonymous_8)
FN:851,(anonymous_9)
FN:970,(anonymous_10)
FN:1080,(anonymous_11)
FN:1151,(anonymous_12)
FN:1232,(anonymous_13)
FN:1330,(anonymous_14)
FN:1402,(anonymous_15)
FN:1484,(anonymous_16)
FNF:17
FNH:0
FNDA:0,(anonymous_0)
FNDA:0,(anonymous_1)
FNDA:0,(anonymous_2)
FNDA:0,(anonymous_3)
FNDA:0,(anonymous_4)
FNDA:0,(anonymous_5)
FNDA:0,(anonymous_6)
FNDA:0,(anonymous_7)
FNDA:0,(anonymous_8)
FNDA:0,(anonymous_9)
FNDA:0,(anonymous_10)
FNDA:0,(anonymous_11)
FNDA:0,(anonymous_12)
FNDA:0,(anonymous_13)
FNDA:0,(anonymous_14)
FNDA:0,(anonymous_15)
FNDA:0,(anonymous_16)
DA:10,0
DA:11,0
DA:12,0
DA:13,0
DA:14,0
DA:15,0
DA:16,0
DA:19,0
DA:20,0
DA:21,0
DA:22,0
DA:23,0
DA:27,0
DA:28,0
DA:38,0
DA:39,0
DA:41,0
DA:53,0
DA:54,0
DA:55,0
DA:57,0
DA:64,0
DA:65,0
DA:66,0
DA:73,0
DA:74,0
DA:75,0
DA:76,0
DA:77,0
DA:85,0
DA:94,0
DA:95,0
DA:96,0
DA:104,0
DA:105,0
DA:110,0
DA:111,0
DA:112,0
DA:121,0
DA:122,0
DA:125,0
DA:130,0
DA:146,0
DA:147,0
DA:154,0
DA:159,0
DA:174,0
DA:185,0
DA:190,0
DA:191,0
DA:192,0
DA:199,0
DA:200,0
DA:202,0
DA:204,0
DA:213,0
DA:215,0
DA:216,0
DA:220,0
DA:225,0
DA:226,0
DA:227,0
DA:228,0
DA:230,0
DA:243,0
DA:244,0
DA:246,0
DA:306,0
DA:307,0
DA:308,0
DA:331,0
DA:332,0
DA:338,0
DA:343,0
DA:345,0
DA:397,0
DA:398,0
DA:400,0
DA:407,0
DA:408,0
DA:409,0
DA:412,0
DA:413,0
DA:416,0
DA:427,0
DA:428,0
DA:429,0
DA:433,0
DA:434,0
DA:435,0
DA:436,0
DA:438,0
DA:439,0
DA:440,0
DA:449,0
DA:459,0
DA:460,0
DA:461,0
DA:469,0
DA:473,0
DA:485,0
DA:491,0
DA:493,0
DA:494,0
DA:495,0
DA:499,0
DA:512,0
DA:513,0
DA:514,0
DA:515,0
DA:519,0
DA:520,0
DA:521,0
DA:523,0
DA:526,0
DA:527,0
DA:531,0
DA:538,0
DA:542,0
DA:548,0
DA:549,0
DA:550,0
DA:602,0
DA:603,0
DA:604,0
DA:605,0
DA:607,0
DA:609,0
DA:610,0
DA:613,0
DA:624,0
DA:631,0
DA:684,0
DA:685,0
DA:686,0
DA:687,0
DA:689,0
DA:690,0
DA:692,0
DA:719,0
DA:726,0
DA:727,0
DA:775,0
DA:776,0
DA:777,0
DA:800,0
DA:801,0
DA:804,0
DA:809,0
DA:810,0
DA:851,0
DA:852,0
DA:854,0
DA:855,0
DA:869,0
DA:870,0
DA:871,0
DA:874,0
DA:875,0
DA:876,0
DA:880,0
DA:890,0
DA:898,0
DA:899,0
DA:906,0
DA:910,0
DA:912,0
DA:922,0
DA:923,0
DA:924,0
DA:970,0
DA:971,0
DA:973,0
DA:974,0
DA:976,0
DA:977,0
DA:980,0
DA:994,0
DA:995,0
DA:996,0
DA:999,0
DA:1000,0
DA:1001,0
DA:1005,0
DA:1016,0
DA:1017,0
DA:1030,0
DA:1034,0
DA:1036,0
DA:1046,0
DA:1047,0
DA:1048,0
DA:1080,0
DA:1081,0
DA:1082,0
DA:1083,0
DA:1086,0
DA:1087,0
DA:1088,0
DA:1092,0
DA:1093,0
DA:1097,0
DA:1104,0
DA:1105,0
DA:1109,0
DA:1114,0
DA:1119,0
DA:1120,0
DA:1151,0
DA:1152,0
DA:1153,0
DA:1154,0
DA:1157,0
DA:1164,0
DA:1165,0
DA:1169,0
DA:1171,0
DA:1176,0
DA:1177,0
DA:1232,0
DA:1233,0
DA:1234,0
DA:1235,0
DA:1236,0
DA:1239,0
DA:1240,0
DA:1241,0
DA:1244,0
DA:1264,0
DA:1271,0
DA:1272,0
DA:1330,0
DA:1331,0
DA:1332,0
DA:1333,0
DA:1334,0
DA:1336,0
DA:1361,0
DA:1368,0
DA:1369,0
DA:1402,0
DA:1403,0
DA:1404,0
DA:1405,0
DA:1407,0
DA:1414,0
DA:1421,0
DA:1422,0
DA:1484,0
DA:1485,0
DA:1486,0
DA:1487,0
DA:1488,0
DA:1491,0
DA:1502,0
DA:1503,0
DA:1506,0
DA:1527,0
DA:1540,0
DA:1541,0
DA:1545,0
LF:261
LH:0
BRDA:64,0,0,0
BRDA:64,0,1,0
BRDA:73,1,0,0
BRDA:73,1,1,0
BRDA:75,2,0,0
BRDA:75,2,1,0
BRDA:94,3,0,0
BRDA:94,3,1,0
BRDA:110,4,0,0
BRDA:110,4,1,0
BRDA:163,5,0,0
BRDA:163,5,1,0
BRDA:190,6,0,0
BRDA:190,6,1,0
BRDA:249,7,0,0
BRDA:249,7,1,0
BRDA:331,8,0,0
BRDA:331,8,1,0
BRDA:348,9,0,0
BRDA:348,9,1,0
BRDA:408,10,0,0
BRDA:408,10,1,0
BRDA:413,11,0,0
BRDA:413,11,1,0
BRDA:427,12,0,0
BRDA:427,12,1,0
BRDA:433,13,0,0
BRDA:433,13,1,0
BRDA:434,14,0,0
BRDA:434,14,1,0
BRDA:438,15,0,0
BRDA:438,15,1,0
BRDA:459,16,0,0
BRDA:459,16,1,0
BRDA:477,17,0,0
BRDA:477,17,1,0
BRDA:478,18,0,0
BRDA:478,18,1,0
BRDA:494,19,0,0
BRDA:494,19,1,0
BRDA:514,20,0,0
BRDA:514,20,1,0
BRDA:519,21,0,0
BRDA:519,21,1,0
BRDA:604,22,0,0
BRDA:604,23,0,0
BRDA:609,24,0,0
BRDA:609,24,1,0
BRDA:686,25,0,0
BRDA:686,26,0,0
BRDA:690,27,0,0
BRDA:690,27,1,0
BRDA:800,28,0,0
BRDA:800,28,1,0
BRDA:869,29,0,0
BRDA:869,29,1,0
BRDA:874,30,0,0
BRDA:874,30,1,0
BRDA:903,31,0,0
BRDA:903,31,1,0
BRDA:976,32,0,0
BRDA:976,32,1,0
BRDA:994,33,0,0
BRDA:994,33,1,0
BRDA:999,34,0,0
BRDA:999,34,1,0
BRDA:1025,35,0,0
BRDA:1025,35,1,0
BRDA:1087,36,0,0
BRDA:1087,36,1,0
BRDA:1092,37,0,0
BRDA:1092,37,1,0
BRDA:1104,38,0,0
BRDA:1104,38,1,0
BRDA:1164,39,0,0
BRDA:1164,39,1,0
BRDA:1235,40,0,0
BRDA:1235,41,0,0
BRDA:1240,42,0,0
BRDA:1240,42,1,0
BRDA:1332,43,0,0
BRDA:1332,43,1,0
BRDA:1333,44,0,0
BRDA:1333,45,0,0
BRDA:1487,46,0,0
BRDA:1487,47,0,0
BRDA:1502,48,0,0
BRDA:1502,48,1,0
BRF:88
BRH:0
end_of_record
TN:
SF:controllers\webhook.controller.js
FN:48,(anonymous_0)
FN:90,handleSuccessfulCharge
FN:112,handleFailedCharge
FN:126,handleSuccessfulTransfer
FN:132,handleFailedTransfer
FNF:5
FNH:0
FNDA:0,(anonymous_0)
FNDA:0,handleSuccessfulCharge
FNDA:0,handleFailedCharge
FNDA:0,handleSuccessfulTransfer
FNDA:0,handleFailedTransfer
DA:1,0
DA:2,0
DA:3,0
DA:4,0
DA:5,0
DA:6,0
DA:48,0
DA:50,0
DA:55,0
DA:56,0
DA:59,0
DA:60,0
DA:62,0
DA:63,0
DA:65,0
DA:66,0
DA:68,0
DA:69,0
DA:71,0
DA:72,0
DA:74,0
DA:75,0
DA:77,0
DA:80,0
DA:81,0
DA:83,0
DA:84,0
DA:85,0
DA:91,0
DA:92,0
DA:94,0
DA:95,0
DA:99,0
DA:100,0
DA:101,0
DA:102,0
DA:103,0
DA:106,0
DA:109,0
DA:113,0
DA:114,0
DA:116,0
DA:117,0
DA:118,0
DA:119,0
DA:122,0
DA:129,0
DA:134,0
DA:138,0
LF:49
LH:0
BRDA:55,0,0,0
BRDA:55,0,1,0
BRDA:63,1,0,0
BRDA:63,1,1,0
BRDA:63,1,2,0
BRDA:63,1,3,0
BRDA:63,1,4,0
BRDA:94,2,0,0
BRDA:94,2,1,0
BRDA:101,3,0,0
BRDA:101,3,1,0
BRDA:116,4,0,0
BRDA:116,4,1,0
BRF:13
BRH:0
end_of_record
TN:
SF:controllers\wishlist.controller.js
FN:29,(anonymous_0)
FN:98,(anonymous_1)
FN:153,(anonymous_2)
FN:208,(anonymous_3)
FN:265,(anonymous_4)
FN:308,(anonymous_5)
FN:408,(anonymous_6)
FN:458,(anonymous_7)
FN:518,(anonymous_8)
FNF:9
FNH:0
FNDA:0,(anonymous_0)
FNDA:0,(anonymous_1)
FNDA:0,(anonymous_2)
FNDA:0,(anonymous_3)
FNDA:0,(anonymous_4)
FNDA:0,(anonymous_5)
FNDA:0,(anonymous_6)
FNDA:0,(anonymous_7)
FNDA:0,(anonymous_8)
DA:1,0
DA:2,0
DA:3,0
DA:29,0
DA:30,0
DA:31,0
DA:32,0
DA:33,0
DA:35,0
DA:43,0
DA:44,0
DA:66,0
DA:77,0
DA:89,0
DA:98,0
DA:99,0
DA:100,0
DA:101,0
DA:103,0
DA:135,0
DA:136,0
DA:139,0
DA:144,0
DA:153,0
DA:154,0
DA:156,0
DA:157,0
DA:158,0
DA:161,0
DA:162,0
DA:171,0
DA:179,0
DA:182,0
DA:192,0
DA:198,0
DA:199,0
DA:208,0
DA:209,0
DA:211,0
DA:212,0
DA:213,0
DA:214,0
DA:216,0
DA:221,0
DA:222,0
DA:223,0
DA:227,0
DA:228,0
DA:240,0
DA:247,0
DA:249,0
DA:255,0
DA:256,0
DA:265,0
DA:266,0
DA:268,0
DA:269,0
DA:270,0
DA:272,0
DA:277,0
DA:278,0
DA:279,0
DA:283,0
DA:289,0
DA:291,0
DA:293,0
DA:298,0
DA:299,0
DA:308,0
DA:309,0
DA:311,0
DA:312,0
DA:313,0
DA:314,0
DA:317,0
DA:322,0
DA:323,0
DA:324,0
DA:328,0
DA:329,0
DA:330,0
DA:331,0
DA:334,0
DA:335,0
DA:336,0
DA:339,0
DA:340,0
DA:341,0
DA:342,0
DA:343,0
DA:344,0
DA:349,0
DA:350,0
DA:351,0
DA:355,0
DA:365,0
DA:367,0
DA:373,0
DA:376,0
DA:387,0
DA:390,0
DA:392,0
DA:398,0
DA:399,0
DA:408,0
DA:409,0
DA:411,0
DA:412,0
DA:413,0
DA:416,0
DA:421,0
DA:422,0
DA:423,0
DA:427,0
DA:435,0
DA:436,0
DA:437,0
DA:440,0
DA:441,0
DA:443,0
DA:448,0
DA:449,0
DA:458,0
DA:459,0
DA:461,0
DA:462,0
DA:463,0
DA:464,0
DA:467,0
DA:472,0
DA:473,0
DA:474,0
DA:478,0
DA:486,0
DA:487,0
DA:488,0
DA:491,0
DA:497,0
DA:500,0
DA:502,0
DA:508,0
DA:509,0
DA:518,0
DA:519,0
DA:520,0
DA:521,0
DA:522,0
DA:523,0
DA:526,0
DA:530,0
DA:531,0
DA:534,0
DA:535,0
DA:536,0
DA:539,0
DA:540,0
DA:542,0
DA:543,0
DA:545,0
DA:546,0
DA:549,0
DA:550,0
DA:553,0
DA:575,0
DA:587,0
DA:591,0
LF:166
LH:0
BRDA:32,0,0,0
BRDA:32,1,0,0
BRDA:32,2,0,0
BRDA:43,3,0,0
BRDA:43,3,1,0
BRDA:135,4,0,0
BRDA:135,4,1,0
BRDA:158,5,0,0
BRDA:158,6,0,0
BRDA:161,7,0,0
BRDA:161,7,1,0
BRDA:221,8,0,0
BRDA:221,8,1,0
BRDA:227,9,0,0
BRDA:227,9,1,0
BRDA:227,10,0,0
BRDA:227,10,1,0
BRDA:277,11,0,0
BRDA:277,11,1,0
BRDA:314,12,0,0
BRDA:314,13,0,0
BRDA:322,14,0,0
BRDA:322,14,1,0
BRDA:329,15,0,0
BRDA:329,15,1,0
BRDA:334,16,0,0
BRDA:334,16,1,0
BRDA:340,17,0,0
BRDA:340,17,1,0
BRDA:342,18,0,0
BRDA:342,18,1,0
BRDA:342,19,0,0
BRDA:342,19,1,0
BRDA:350,20,0,0
BRDA:350,20,1,0
BRDA:350,21,0,0
BRDA:350,21,1,0
BRDA:365,22,0,0
BRDA:365,22,1,0
BRDA:421,23,0,0
BRDA:421,23,1,0
BRDA:435,24,0,0
BRDA:435,24,1,0
BRDA:472,25,0,0
BRDA:472,25,1,0
BRDA:486,26,0,0
BRDA:486,26,1,0
BRDA:522,27,0,0
BRDA:522,28,0,0
BRDA:522,29,0,0
BRDA:530,30,0,0
BRDA:530,30,1,0
BRDA:535,31,0,0
BRDA:535,31,1,0
BRDA:540,32,0,0
BRDA:540,32,1,0
BRDA:540,32,2,0
BRDA:540,32,3,0
BRF:58
BRH:0
end_of_record
TN:
SF:models\address.model.js
FN:5,(anonymous_0)
FN:7,(anonymous_1)
FNF:2
FNH:0
FNDA:0,(anonymous_0)
FNDA:0,(anonymous_1)
DA:3,0
DA:5,0
DA:8,0
DA:15,0
DA:69,0
LF:5
LH:0
BRF:0
BRH:0
end_of_record
TN:
SF:models\cart-item.model.js
FN:5,(anonymous_0)
FN:7,(anonymous_1)
FN:21,(anonymous_2)
FN:29,(anonymous_3)
FN:44,(anonymous_4)
FN:50,(anonymous_5)
FN:57,(anonymous_6)
FN:79,(anonymous_7)
FN:89,(anonymous_8)
FN:127,(anonymous_9)
FN:220,(anonymous_10)
FN:234,(anonymous_11)
FN:246,(anonymous_12)
FNF:13
FNH:0
FNDA:0,(anonymous_0)
FNDA:0,(anonymous_1)
FNDA:0,(anonymous_2)
FNDA:0,(anonymous_3)
FNDA:0,(anonymous_4)
FNDA:0,(anonymous_5)
FNDA:0,(anonymous_6)
FNDA:0,(anonymous_7)
FNDA:0,(anonymous_8)
FNDA:0,(anonymous_9)
FNDA:0,(anonymous_10)
FNDA:0,(anonymous_11)
FNDA:0,(anonymous_12)
DA:3,0
DA:5,0
DA:9,0
DA:14,0
DA:22,0
DA:23,0
DA:24,0
DA:25,0
DA:30,0
DA:31,0
DA:35,0
DA:39,0
DA:40,0
DA:43,0
DA:44,0
DA:51,0
DA:52,0
DA:53,0
DA:58,0
DA:59,0
DA:64,0
DA:65,0
DA:66,0
DA:68,0
DA:69,0
DA:72,0
DA:75,0
DA:76,0
DA:79,0
DA:81,0
DA:90,0
DA:114,0
DA:115,0
DA:116,0
DA:117,0
DA:119,0
DA:121,0
DA:123,0
DA:128,0
DA:129,0
DA:130,0
DA:134,0
DA:135,0
DA:138,0
DA:139,0
DA:140,0
DA:147,0
DA:150,0
DA:154,0
DA:222,0
DA:223,0
DA:225,0
DA:226,0
DA:230,0
DA:231,0
DA:235,0
DA:237,0
DA:238,0
DA:239,0
DA:240,0
DA:241,0
DA:242,0
DA:247,0
DA:249,0
DA:250,0
DA:251,0
DA:252,0
DA:253,0
DA:254,0
DA:261,0
LF:70
LH:0
BRDA:22,0,0,0
BRDA:22,0,1,0
BRDA:30,1,0,0
BRDA:30,1,1,0
BRDA:30,2,0,0
BRDA:30,2,1,0
BRDA:35,3,0,0
BRDA:35,3,1,0
BRDA:39,4,0,0
BRDA:39,4,1,0
BRDA:44,5,0,0
BRDA:44,5,1,0
BRDA:50,6,0,0
BRDA:58,7,0,0
BRDA:58,7,1,0
BRDA:58,8,0,0
BRDA:58,8,1,0
BRDA:64,9,0,0
BRDA:64,9,1,0
BRDA:75,10,0,0
BRDA:75,10,1,0
BRDA:114,11,0,0
BRDA:114,11,1,0
BRDA:116,12,0,0
BRDA:116,12,1,0
BRDA:116,13,0,0
BRDA:116,13,1,0
BRDA:129,14,0,0
BRDA:129,14,1,0
BRDA:129,15,0,0
BRDA:129,15,1,0
BRDA:134,16,0,0
BRDA:134,16,1,0
BRDA:134,17,0,0
BRDA:134,17,1,0
BRDA:139,18,0,0
BRDA:139,18,1,0
BRDA:222,19,0,0
BRDA:222,19,1,0
BRDA:222,20,0,0
BRDA:222,20,1,0
BRDA:225,21,0,0
BRDA:225,21,1,0
BRDA:225,22,0,0
BRDA:225,22,1,0
BRDA:230,23,0,0
BRDA:230,23,1,0
BRDA:230,24,0,0
BRDA:230,24,1,0
BRDA:231,25,0,0
BRDA:231,25,1,0
BRDA:237,26,0,0
BRDA:237,26,1,0
BRDA:239,27,0,0
BRDA:239,27,1,0
BRDA:241,28,0,0
BRDA:241,28,1,0
BRDA:249,29,0,0
BRDA:249,29,1,0
BRDA:251,30,0,0
BRDA:251,30,1,0
BRDA:253,31,0,0
BRDA:253,31,1,0
BRF:63
BRH:0
end_of_record
TN:
SF:models\cart.model.js
FN:5,(anonymous_0)
FN:7,(anonymous_1)
FN:21,(anonymous_2)
FN:54,(anonymous_3)
FN:74,(anonymous_4)
FN:83,(anonymous_5)
FN:139,(anonymous_6)
FN:160,(anonymous_7)
FN:163,(anonymous_8)
FN:192,(anonymous_9)
FN:196,(anonymous_10)
FNF:11
FNH:0
FNDA:0,(anonymous_0)
FNDA:0,(anonymous_1)
FNDA:0,(anonymous_2)
FNDA:0,(anonymous_3)
FNDA:0,(anonymous_4)
FNDA:0,(anonymous_5)
FNDA:0,(anonymous_6)
FNDA:0,(anonymous_7)
FNDA:0,(anonymous_8)
FNDA:0,(anonymous_9)
FNDA:0,(anonymous_10)
DA:3,0
DA:5,0
DA:9,0
DA:14,0
DA:22,0
DA:33,0
DA:34,0
DA:37,0
DA:38,0
DA:41,0
DA:44,0
DA:45,0
DA:46,0
DA:47,0
DA:49,0
DA:53,0
DA:54,0
DA:58,0
DA:59,0
DA:62,0
DA:63,0
DA:67,0
DA:75,0
DA:76,0
DA:84,0
DA:113,0
DA:116,0
DA:119,0
DA:120,0
DA:123,0
DA:124,0
DA:125,0
DA:127,0
DA:128,0
DA:131,0
DA:134,0
DA:135,0
DA:136,0
DA:139,0
DA:141,0
DA:142,0
DA:147,0
DA:149,0
DA:152,0
DA:156,0
DA:161,0
DA:163,0
DA:165,0
DA:168,0
DA:170,0
DA:174,0
DA:177,0
DA:178,0
DA:179,0
DA:181,0
DA:182,0
DA:185,0
DA:188,0
DA:189,0
DA:192,0
DA:193,0
DA:195,0
DA:196,0
DA:199,0
DA:204,0
DA:279,0
LF:66
LH:0
BRDA:21,0,0,0
BRDA:41,1,0,0
BRDA:41,1,1,0
BRDA:45,2,0,0
BRDA:45,2,1,0
BRDA:53,3,0,0
BRDA:53,3,1,0
BRDA:54,4,0,0
BRDA:54,4,1,0
BRDA:62,5,0,0
BRDA:62,5,1,0
BRDA:74,6,0,0
BRDA:113,7,0,0
BRDA:113,7,1,0
BRDA:120,8,0,0
BRDA:120,8,1,0
BRDA:120,9,0,0
BRDA:120,9,1,0
BRDA:123,10,0,0
BRDA:123,10,1,0
BRDA:134,11,0,0
BRDA:134,11,1,0
BRDA:141,12,0,0
BRDA:141,12,1,0
BRDA:160,13,0,0
BRDA:165,14,0,0
BRDA:165,14,1,0
BRDA:168,15,0,0
BRDA:168,15,1,0
BRDA:168,16,0,0
BRDA:168,16,1,0
BRDA:168,16,2,0
BRDA:168,16,3,0
BRDA:174,17,0,0
BRDA:174,17,1,0
BRDA:174,18,0,0
BRDA:174,18,1,0
BRDA:177,19,0,0
BRDA:177,19,1,0
BRDA:188,20,0,0
BRDA:188,20,1,0
BRDA:195,21,0,0
BRDA:195,21,1,0
BRF:43
BRH:0
end_of_record
TN:
SF:models\category.model.js
FN:5,(anonymous_0)
FN:7,(anonymous_1)
FNF:2
FNH:0
FNDA:0,(anonymous_0)
FNDA:0,(anonymous_1)
DA:3,0
DA:5,0
DA:8,0
DA:12,0
DA:16,0
DA:22,0
DA:68,0
LF:7
LH:0
BRF:0
BRH:0
end_of_record
TN:
SF:models\collection-product.model.js
FN:5,(anonymous_0)
FN:7,(anonymous_1)
FNF:2
FNH:0
FNDA:0,(anonymous_0)
FNDA:0,(anonymous_1)
DA:3,0
DA:5,0
DA:8,0
DA:11,0
DA:17,0
DA:45,0
LF:6
LH:0
BRF:0
BRH:0
end_of_record
TN:
SF:models\collection.model.js
FN:5,(anonymous_0)
FN:7,(anonymous_1)
FNF:2
FNH:0
FNDA:0,(anonymous_0)
FNDA:0,(anonymous_1)
DA:3,0
DA:5,0
DA:8,0
DA:11,0
DA:19,0
DA:52,0
LF:6
LH:0
BRF:0
BRH:0
end_of_record
TN:
SF:models\index.js
FN:16,(anonymous_0)
FN:24,(anonymous_1)
FN:30,(anonymous_2)
FNF:3
FNH:0
FNDA:0,(anonymous_0)
FNDA:0,(anonymous_1)
FNDA:0,(anonymous_2)
DA:3,0
DA:4,0
DA:5,0
DA:6,0
DA:7,0
DA:8,0
DA:9,0
DA:12,0
DA:15,0
DA:17,0
DA:25,0
DA:26,0
DA:30,0
DA:31,0
DA:32,0
DA:37,0
DA:38,0
DA:41,0
LF:18
LH:0
BRDA:8,0,0,0
BRDA:8,0,1,0
BRDA:18,1,0,0
BRDA:18,1,1,0
BRDA:18,1,2,0
BRDA:18,1,3,0
BRDA:31,2,0,0
BRDA:31,2,1,0
BRF:8
BRH:0
end_of_record
TN:
SF:models\inventory-history.model.js
FN:4,(anonymous_0)
FN:6,(anonymous_1)
FNF:2
FNH:0
FNDA:0,(anonymous_0)
FNDA:0,(anonymous_1)
DA:2,0
DA:4,0
DA:7,0
DA:10,0
DA:17,0
DA:68,0
LF:6
LH:0
BRF:0
BRH:0
end_of_record
TN:
SF:models\inventory.model.js
FN:5,(anonymous_0)
FN:7,(anonymous_1)
FNF:2
FNH:0
FNDA:0,(anonymous_0)
FNDA:0,(anonymous_1)
DA:3,0
DA:5,0
DA:8,0
DA:11,0
DA:17,0
DA:51,0
LF:6
LH:0
BRF:0
BRH:0
end_of_record
TN:
SF:models\journal.model.js
FN:5,(anonymous_0)
FN:7,(anonymous_1)
FNF:2
FNH:0
FNDA:0,(anonymous_0)
FNDA:0,(anonymous_1)
DA:3,0
DA:5,0
DA:8,0
DA:15,0
DA:66,0
LF:5
LH:0
BRF:0
BRH:0
end_of_record
TN:
SF:models\notification-item.model.js
FN:5,(anonymous_0)
FN:7,(anonymous_1)
FNF:2
FNH:0
FNDA:0,(anonymous_0)
FNDA:0,(anonymous_1)
DA:3,0
DA:5,0
DA:8,0
DA:14,0
DA:42,0
LF:5
LH:0
BRF:0
BRH:0
end_of_record
TN:
SF:models\notification.model.js
FN:5,(anonymous_0)
FN:7,(anonymous_1)
FNF:2
FNH:0
FNDA:0,(anonymous_0)
FNDA:0,(anonymous_1)
DA:3,0
DA:5,0
DA:8,0
DA:11,0
DA:17,0
DA:54,0
LF:6
LH:0
BRF:0
BRH:0
end_of_record
TN:
SF:models\order-detail.model.js
FN:5,(anonymous_0)
FN:7,(anonymous_1)
FNF:2
FNH:0
FNDA:0,(anonymous_0)
FNDA:0,(anonymous_1)
DA:3,0
DA:5,0
DA:8,0
DA:12,0
DA:19,0
DA:75,0
LF:6
LH:0
BRF:0
BRH:0
end_of_record
TN:
SF:models\order-item.model.js
FN:5,(anonymous_0)
FN:7,(anonymous_1)
FN:27,(anonymous_2)
FN:35,(anonymous_3)
FN:50,(anonymous_4)
FN:56,(anonymous_5)
FN:86,(anonymous_6)
FN:96,(anonymous_7)
FN:130,(anonymous_8)
FN:142,(anonymous_9)
FNF:10
FNH:0
FNDA:0,(anonymous_0)
FNDA:0,(anonymous_1)
FNDA:0,(anonymous_2)
FNDA:0,(anonymous_3)
FNDA:0,(anonymous_4)
FNDA:0,(anonymous_5)
FNDA:0,(anonymous_6)
FNDA:0,(anonymous_7)
FNDA:0,(anonymous_8)
FNDA:0,(anonymous_9)
DA:3,0
DA:5,0
DA:8,0
DA:12,0
DA:16,0
DA:20,0
DA:28,0
DA:29,0
DA:30,0
DA:31,0
DA:36,0
DA:37,0
DA:41,0
DA:45,0
DA:46,0
DA:49,0
DA:50,0
DA:57,0
DA:59,0
DA:60,0
DA:66,0
DA:71,0
DA:72,0
DA:73,0
DA:75,0
DA:76,0
DA:79,0
DA:82,0
DA:83,0
DA:86,0
DA:88,0
DA:97,0
DA:98,0
DA:99,0
DA:103,0
DA:104,0
DA:107,0
DA:108,0
DA:109,0
DA:115,0
DA:117,0
DA:118,0
DA:119,0
DA:126,0
DA:131,0
DA:132,0
DA:135,0
DA:138,0
DA:143,0
DA:144,0
DA:146,0
DA:151,0
DA:231,0
LF:53
LH:0
BRDA:28,0,0,0
BRDA:28,0,1,0
BRDA:36,1,0,0
BRDA:36,1,1,0
BRDA:36,2,0,0
BRDA:36,2,1,0
BRDA:41,3,0,0
BRDA:41,3,1,0
BRDA:45,4,0,0
BRDA:45,4,1,0
BRDA:50,5,0,0
BRDA:50,5,1,0
BRDA:57,6,0,0
BRDA:57,6,1,0
BRDA:57,7,0,0
BRDA:57,7,1,0
BRDA:59,8,0,0
BRDA:59,8,1,0
BRDA:71,9,0,0
BRDA:71,9,1,0
BRDA:82,10,0,0
BRDA:82,10,1,0
BRDA:98,11,0,0
BRDA:98,11,1,0
BRDA:98,12,0,0
BRDA:98,12,1,0
BRDA:103,13,0,0
BRDA:103,13,1,0
BRDA:103,14,0,0
BRDA:103,14,1,0
BRDA:108,15,0,0
BRDA:108,15,1,0
BRDA:115,16,0,0
BRDA:115,16,1,0
BRDA:118,17,0,0
BRDA:118,17,1,0
BRDA:131,18,0,0
BRDA:131,18,1,0
BRDA:131,19,0,0
BRDA:131,19,1,0
BRDA:132,20,0,0
BRDA:132,20,1,0
BRDA:135,21,0,0
BRDA:135,21,1,0
BRDA:138,22,0,0
BRDA:138,22,1,0
BRDA:143,23,0,0
BRDA:143,23,1,0
BRF:48
BRH:0
end_of_record
TN:
SF:models\order.model.js
FN:5,(anonymous_0)
FN:7,(anonymous_1)
FNF:2
FNH:0
FNDA:0,(anonymous_0)
FNDA:0,(anonymous_1)
DA:3,0
DA:5,0
DA:8,0
DA:12,0
DA:16,0
DA:20,0
DA:27,0
DA:86,0
LF:8
LH:0
BRF:0
BRH:0
end_of_record
TN:
SF:models\oversight-log.model.js
FN:5,(anonymous_0)
FN:7,(anonymous_1)
FNF:2
FNH:0
FNDA:0,(anonymous_0)
FNDA:0,(anonymous_1)
DA:3,0
DA:5,0
DA:8,0
DA:14,0
DA:46,0
LF:5
LH:0
BRF:0
BRH:0
end_of_record
TN:
SF:models\payment-transaction.model.js
FN:5,(anonymous_0)
FN:7,(anonymous_1)
FNF:2
FNH:0
FNDA:0,(anonymous_0)
FNDA:0,(anonymous_1)
DA:3,0
DA:5,0
DA:8,0
DA:11,0
DA:18,0
DA:64,0
LF:6
LH:0
BRF:0
BRH:0
end_of_record
TN:
SF:models\payout.model.js
FN:5,(anonymous_0)
FN:7,(anonymous_1)
FNF:2
FNH:0
FNDA:0,(anonymous_0)
FNDA:0,(anonymous_1)
DA:3,0
DA:5,0
DA:8,0
DA:14,0
DA:56,0
LF:5
LH:0
BRF:0
BRH:0
end_of_record
TN:
SF:models\permission.model.js
FN:4,(anonymous_0)
FN:11,(anonymous_1)
FNF:2
FNH:0
FNDA:0,(anonymous_0)
FNDA:0,(anonymous_1)
DA:2,0
DA:4,0
DA:13,0
DA:22,0
DA:78,0
LF:5
LH:0
BRF:0
BRH:0
end_of_record
TN:
SF:models\product-image.model.js
FN:5,(anonymous_0)
FN:7,(anonymous_1)
FNF:2
FNH:0
FNDA:0,(anonymous_0)
FNDA:0,(anonymous_1)
DA:3,0
DA:5,0
DA:8,0
DA:14,0
DA:47,0
LF:5
LH:0
BRF:0
BRH:0
end_of_record
TN:
SF:models\product-variant.model.js
FN:5,(anonymous_0)
FN:7,(anonymous_1)
FNF:2
FNH:0
FNDA:0,(anonymous_0)
FNDA:0,(anonymous_1)
DA:3,0
DA:5,0
DA:8,0
DA:14,0
DA:54,0
LF:5
LH:0
BRF:0
BRH:0
end_of_record
TN:
SF:models\product.model.js
FN:5,(anonymous_0)
FN:7,(anonymous_1)
FNF:2
FNH:0
FNDA:0,(anonymous_0)
FNDA:0,(anonymous_1)
DA:3,0
DA:5,0
DA:8,0
DA:13,0
DA:16,0
DA:19,0
DA:24,0
DA:27,0
DA:30,0
DA:33,0
DA:37,0
DA:41,0
DA:45,0
DA:48,0
DA:54,0
DA:122,0
LF:16
LH:0
BRF:0
BRH:0
end_of_record
TN:
SF:models\review.model.js
FN:5,(anonymous_0)
FN:7,(anonymous_1)
FNF:2
FNH:0
FNDA:0,(anonymous_0)
FNDA:0,(anonymous_1)
DA:3,0
DA:5,0
DA:8,0
DA:11,0
DA:17,0
DA:58,0
LF:6
LH:0
BRF:0
BRH:0
end_of_record
TN:
SF:models\role-permission.model.js
FN:4,(anonymous_0)
FN:11,(anonymous_1)
FNF:2
FNH:0
FNDA:0,(anonymous_0)
FNDA:0,(anonymous_1)
DA:2,0
DA:4,0
DA:13,0
DA:17,0
DA:24,0
DA:69,0
LF:6
LH:0
BRF:0
BRH:0
end_of_record
TN:
SF:models\role.model.js
FN:5,(anonymous_0)
FN:7,(anonymous_1)
FNF:2
FNH:0
FNDA:0,(anonymous_0)
FNDA:0,(anonymous_1)
DA:3,0
DA:5,0
DA:8,0
DA:18,0
DA:24,0
DA:31,0
DA:38,0
DA:72,0
LF:8
LH:0
BRF:0
BRH:0
end_of_record
TN:
SF:models\store.model.js
FN:5,(anonymous_0)
FN:7,(anonymous_1)
FN:41,(anonymous_2)
FN:63,(anonymous_3)
FN:67,(anonymous_4)
FN:86,(anonymous_5)
FN:90,(anonymous_6)
FNF:7
FNH:0
FNDA:0,(anonymous_0)
FNDA:0,(anonymous_1)
FNDA:0,(anonymous_2)
FNDA:0,(anonymous_3)
FNDA:0,(anonymous_4)
FNDA:0,(anonymous_5)
FNDA:0,(anonymous_6)
DA:3,0
DA:5,0
DA:8,0
DA:15,0
DA:42,0
DA:43,0
DA:64,0
DA:65,0
DA:68,0
DA:87,0
DA:88,0
DA:91,0
DA:126,0
LF:13
LH:0
BRDA:42,0,0,0
BRDA:42,0,1,0
BRDA:42,1,0,0
BRDA:42,1,1,0
BRDA:65,2,0,0
BRDA:65,2,1,0
BRDA:88,3,0,0
BRDA:88,3,1,0
BRDA:91,4,0,0
BRDA:91,4,1,0
BRF:10
BRH:0
end_of_record
TN:
SF:models\supply.model.js
FN:5,(anonymous_0)
FN:7,(anonymous_1)
FNF:2
FNH:0
FNDA:0,(anonymous_0)
FNDA:0,(anonymous_1)
DA:3,0
DA:5,0
DA:8,0
DA:11,0
DA:14,0
DA:18,0
DA:24,0
DA:68,0
LF:8
LH:0
BRF:0
BRH:0
end_of_record
TN:
SF:models\support-feedback.model.js
FN:5,(anonymous_0)
FN:7,(anonymous_1)
FNF:2
FNH:0
FNDA:0,(anonymous_0)
FNDA:0,(anonymous_1)
DA:3,0
DA:5,0
DA:8,0
DA:14,0
DA:56,0
LF:5
LH:0
BRF:0
BRH:0
end_of_record
TN:
SF:models\user-role.model.js
FN:5,(anonymous_0)
FN:7,(anonymous_1)
FNF:2
FNH:0
FNDA:0,(anonymous_0)
FNDA:0,(anonymous_1)
DA:3,0
DA:5,0
DA:8,0
DA:12,0
DA:19,0
DA:47,0
LF:6
LH:0
BRF:0
BRH:0
end_of_record
TN:
SF:models\user.model.js
FN:6,(anonymous_0)
FN:8,(anonymous_1)
FN:190,(anonymous_2)
FN:203,(anonymous_3)
FN:214,(anonymous_4)
FN:245,(anonymous_5)
FN:256,(anonymous_6)
FN:290,(anonymous_7)
FN:298,(anonymous_8)
FN:312,(anonymous_9)
FN:325,(anonymous_10)
FN:326,(anonymous_11)
FN:337,(anonymous_12)
FN:339,(anonymous_13)
FN:347,(anonymous_14)
FN:349,(anonymous_15)
FNF:16
FNH:0
FNDA:0,(anonymous_0)
FNDA:0,(anonymous_1)
FNDA:0,(anonymous_2)
FNDA:0,(anonymous_3)
FNDA:0,(anonymous_4)
FNDA:0,(anonymous_5)
FNDA:0,(anonymous_6)
FNDA:0,(anonymous_7)
FNDA:0,(anonymous_8)
FNDA:0,(anonymous_9)
FNDA:0,(anonymous_10)
FNDA:0,(anonymous_11)
FNDA:0,(anonymous_12)
FNDA:0,(anonymous_13)
FNDA:0,(anonymous_14)
FNDA:0,(anonymous_15)
DA:3,0
DA:4,0
DA:6,0
DA:9,0
DA:12,0
DA:15,0
DA:19,0
DA:22,0
DA:25,0
DA:28,0
DA:31,0
DA:34,0
DA:38,0
DA:48,0
DA:52,0
DA:58,0
DA:64,0
DA:76,0
DA:190,0
DA:191,0
DA:192,0
DA:196,0
DA:199,0
DA:203,0
DA:204,0
DA:214,0
DA:215,0
DA:216,0
DA:223,0
DA:224,0
DA:226,0
DA:227,0
DA:235,0
DA:237,0
DA:245,0
DA:246,0
DA:256,0
DA:257,0
DA:258,0
DA:265,0
DA:266,0
DA:268,0
DA:269,0
DA:277,0
DA:279,0
DA:290,0
DA:291,0
DA:298,0
DA:299,0
DA:301,0
DA:302,0
DA:303,0
DA:305,0
DA:312,0
DA:313,0
DA:314,0
DA:317,0
DA:318,0
DA:319,0
DA:320,0
DA:325,0
DA:326,0
DA:329,0
DA:337,0
DA:338,0
DA:339,0
DA:347,0
DA:348,0
DA:349,0
DA:352,0
LF:70
LH:0
BRDA:191,0,0,0
BRDA:191,0,1,0
BRDA:215,1,0,0
BRDA:215,1,1,0
BRDA:226,2,0,0
BRDA:226,2,1,0
BRDA:239,3,0,0
BRDA:239,3,1,0
BRDA:257,4,0,0
BRDA:257,4,1,0
BRDA:268,5,0,0
BRDA:268,5,1,0
BRDA:281,6,0,0
BRDA:281,6,1,0
BRDA:291,7,0,0
BRDA:291,7,1,0
BRDA:299,8,0,0
BRDA:299,8,1,0
BRDA:313,9,0,0
BRDA:313,9,1,0
BRDA:313,10,0,0
BRDA:313,10,1,0
BRDA:319,11,0,0
BRDA:319,11,1,0
BRF:24
BRH:0
end_of_record
TN:
SF:models\vendor-follower.model.js
FN:5,(anonymous_0)
FN:7,(anonymous_1)
FNF:2
FNH:0
FNDA:0,(anonymous_0)
FNDA:0,(anonymous_1)
DA:3,0
DA:5,0
DA:8,0
DA:12,0
DA:19,0
DA:54,0
LF:6
LH:0
BRF:0
BRH:0
end_of_record
TN:
SF:models\vendor-product-tag.model.js
FN:5,(anonymous_0)
FN:7,(anonymous_1)
FNF:2
FNH:0
FNDA:0,(anonymous_0)
FNDA:0,(anonymous_1)
DA:3,0
DA:5,0
DA:8,0
DA:11,0
DA:17,0
DA:45,0
LF:6
LH:0
BRF:0
BRH:0
end_of_record
TN:
SF:models\vendor.model.js
FN:5,(anonymous_0)
FN:7,(anonymous_1)
FN:119,(anonymous_2)
FNF:3
FNH:0
FNDA:0,(anonymous_0)
FNDA:0,(anonymous_1)
FNDA:0,(anonymous_2)
DA:3,0
DA:5,0
DA:8,0
DA:11,0
DA:15,0
DA:19,0
DA:23,0
DA:26,0
DA:29,0
DA:32,0
DA:35,0
DA:42,0
DA:119,0
DA:120,0
DA:153,0
DA:155,0
LF:16
LH:0
BRF:0
BRH:0
end_of_record
TN:
SF:models\wishlist-item.model.js
FN:5,(anonymous_0)
FN:7,(anonymous_1)
FN:23,(anonymous_2)
FN:28,(anonymous_3)
FN:80,(anonymous_4)
FN:97,(anonymous_5)
FN:107,(anonymous_6)
FN:124,(anonymous_7)
FNF:8
FNH:0
FNDA:0,(anonymous_0)
FNDA:0,(anonymous_1)
FNDA:0,(anonymous_2)
FNDA:0,(anonymous_3)
FNDA:0,(anonymous_4)
FNDA:0,(anonymous_5)
FNDA:0,(anonymous_6)
FNDA:0,(anonymous_7)
DA:3,0
DA:5,0
DA:8,0
DA:12,0
DA:16,0
DA:24,0
DA:29,0
DA:81,0
DA:82,0
DA:83,0
DA:86,0
DA:87,0
DA:88,0
DA:89,0
DA:93,0
DA:98,0
DA:99,0
DA:100,0
DA:101,0
DA:103,0
DA:108,0
DA:109,0
DA:111,0
DA:113,0
DA:114,0
DA:115,0
DA:116,0
DA:120,0
DA:125,0
DA:126,0
DA:127,0
DA:131,0
DA:139,0
DA:141,0
DA:142,0
DA:145,0
DA:146,0
DA:151,0
DA:265,0
LF:39
LH:0
BRDA:82,0,0,0
BRDA:82,0,1,0
BRDA:82,1,0,0
BRDA:82,1,1,0
BRDA:86,2,0,0
BRDA:86,2,1,0
BRDA:88,3,0,0
BRDA:88,3,1,0
BRDA:99,4,0,0
BRDA:99,4,1,0
BRDA:109,5,0,0
BRDA:109,5,1,0
BRDA:113,6,0,0
BRDA:113,6,1,0
BRDA:115,7,0,0
BRDA:115,7,1,0
BRDA:115,8,0,0
BRDA:115,8,1,0
BRDA:126,9,0,0
BRDA:126,9,1,0
BRDA:139,10,0,0
BRDA:139,10,1,0
BRF:22
BRH:0
end_of_record
TN:
SF:models\wishlist.model.js
FN:5,(anonymous_0)
FN:7,(anonymous_1)
FN:19,(anonymous_2)
FN:25,(anonymous_3)
[...]
FNDA:0,(anonymous_6)
FNDA:0,(anonymous_7)
FNDA:0,(anonymous_8)
FNDA:0,(anonymous_9)
FNDA:0,(anonymous_10)
FNDA:0,(anonymous_11)
FNDA:0,(anonymous_12)
DA:1,0
DA:2,0
DA:5,0
DA:8,0
DA:9,0
DA:24,0
DA:25,0
DA:26,0
DA:27,0
DA:32,0
DA:43,0
DA:62,0
DA:81,0
DA:82,0
DA:83,0
DA:85,0
DA:100,0
DA:101,0
DA:103,0
DA:106,0
DA:107,0
DA:108,0
DA:110,0
DA:131,0
DA:158,0
DA:188,0
DA:209,0
DA:232,0
DA:275,0
DA:309,0
DA:329,0
DA:330,0
DA:331,0
DA:332,0
DA:335,0
DA:344,0
DA:345,0
DA:346,0
DA:347,0
DA:350,0
DA:363,0
DA:364,0
DA:365,0
DA:367,0
DA:368,0
DA:370,0
DA:385,0
DA:391,0
DA:392,0
DA:394,0
DA:397,0
DA:398,0
DA:399,0
DA:401,0
DA:415,0
DA:431,0
DA:432,0
DA:433,0
DA:434,0
DA:443,0
DA:449,0
LF:61
LH:0
BRDA:26,0,0,0
BRDA:26,0,1,0
BRDA:82,1,0,0
BRDA:82,1,1,0
BRDA:100,2,0,0
BRDA:100,2,1,0
BRDA:107,3,0,0
BRDA:107,3,1,0
BRDA:329,4,0,0
BRDA:329,4,1,0
BRDA:331,5,0,0
BRDA:331,5,1,0
BRDA:331,6,0,0
BRDA:331,6,1,0
BRDA:344,7,0,0
BRDA:344,7,1,0
BRDA:346,8,0,0
BRDA:346,8,1,0
BRDA:346,9,0,0
BRDA:346,9,1,0
BRDA:367,10,0,0
BRDA:367,10,1,0
BRDA:391,11,0,0
BRDA:391,11,1,0
BRDA:398,12,0,0
BRDA:398,12,1,0
BRDA:398,13,0,0
BRDA:398,13,1,0
BRDA:433,14,0,0
BRDA:433,14,1,0
BRF:30
BRH:0
end_of_record
TN:
SF:validators\cart.validator.js
FN:44,(anonymous_0)
FN:60,(anonymous_1)
FN:90,(anonymous_2)
FN:110,(anonymous_3)
FN:137,(anonymous_4)
FN:149,(anonymous_5)
FN:172,(anonymous_6)
FN:203,(anonymous_7)
FN:230,(anonymous_8)
FN:245,(anonymous_9)
FN:272,(anonymous_10)
FN:361,(anonymous_11)
FN:392,(anonymous_12)
FN:421,(anonymous_13)
FN:469,(anonymous_14)
FNF:15
FNH:0
FNDA:0,(anonymous_0)
FNDA:0,(anonymous_1)
FNDA:0,(anonymous_2)
FNDA:0,(anonymous_3)
FNDA:0,(anonymous_4)
FNDA:0,(anonymous_5)
FNDA:0,(anonymous_6)
FNDA:0,(anonymous_7)
FNDA:0,(anonymous_8)
FNDA:0,(anonymous_9)
FNDA:0,(anonymous_10)
FNDA:0,(anonymous_11)
FNDA:0,(anonymous_12)
FNDA:0,(anonymous_13)
FNDA:0,(anonymous_14)
DA:1,0
DA:2,0
DA:3,0
DA:16,0
DA:38,0
DA:45,0
DA:46,0
DA:47,0
DA:49,0
DA:50,0
DA:52,0
DA:61,0
DA:62,0
DA:65,0
DA:66,0
DA:67,0
DA:68,0
DA:70,0
DA:71,0
DA:75,0
DA:76,0
DA:77,0
DA:78,0
DA:79,0
DA:83,0
DA:91,0
DA:92,0
DA:94,0
DA:95,0
DA:98,0
DA:99,0
DA:101,0
DA:103,0
DA:111,0
DA:112,0
DA:113,0
DA:114,0
DA:117,0
DA:118,0
DA:119,0
DA:120,0
DA:121,0
DA:122,0
DA:126,0
DA:127,0
DA:131,0
DA:138,0
DA:139,0
DA:140,0
DA:143,0
DA:144,0
DA:145,0
DA:148,0
DA:149,0
DA:150,0
DA:152,0
DA:153,0
DA:154,0
DA:158,0
DA:159,0
DA:160,0
DA:163,0
DA:164,0
DA:167,0
DA:168,0
DA:170,0
DA:171,0
DA:172,0
DA:173,0
DA:176,0
DA:177,0
DA:180,0
DA:197,0
DA:204,0
DA:205,0
DA:206,0
DA:210,0
DA:211,0
DA:212,0
DA:213,0
DA:215,0
DA:216,0
DA:217,0
DA:218,0
DA:222,0
DA:231,0
DA:233,0
DA:234,0
DA:235,0
DA:239,0
DA:240,0
DA:241,0
DA:242,0
DA:245,0
DA:246,0
DA:247,0
DA:251,0
DA:266,0
DA:273,0
DA:274,0
DA:275,0
DA:279,0
DA:280,0
DA:281,0
DA:282,0
DA:284,0
DA:285,0
DA:286,0
DA:287,0
DA:291,0
DA:305,0
DA:323,0
DA:361,0
DA:362,0
DA:363,0
DA:364,0
DA:367,0
DA:368,0
DA:371,0
DA:372,0
DA:375,0
DA:392,0
DA:393,0
DA:394,0
DA:397,0
DA:398,0
DA:401,0
DA:415,0
DA:422,0
DA:423,0
DA:424,0
DA:425,0
DA:427,0
DA:428,0
DA:432,0
DA:433,0
DA:435,0
DA:436,0
DA:438,0
DA:439,0
DA:440,0
DA:442,0
DA:443,0
DA:444,0
DA:446,0
DA:447,0
DA:451,0
DA:452,0
DA:456,0
DA:457,0
DA:461,0
DA:462,0
DA:463,0
DA:465,0
DA:466,0
DA:469,0
DA:470,0
DA:472,0
DA:473,0
DA:474,0
DA:477,0
DA:478,0
DA:479,0
DA:482,0
DA:483,0
DA:486,0
DA:487,0
DA:489,0
DA:490,0
DA:491,0
DA:497,0
LF:171
LH:0
BRDA:46,0,0,0
BRDA:46,0,1,0
BRDA:49,1,0,0
BRDA:49,1,1,0
BRDA:61,2,0,0
BRDA:61,2,1,0
BRDA:61,3,0,0
BRDA:61,3,1,0
BRDA:61,3,2,0
BRDA:65,4,0,0
BRDA:65,4,1,0
BRDA:67,5,0,0
BRDA:67,5,1,0
BRDA:70,6,0,0
BRDA:70,6,1,0
BRDA:70,7,0,0
BRDA:70,7,1,0
BRDA:76,8,0,0
BRDA:76,8,1,0
BRDA:78,9,0,0
BRDA:78,9,1,0
BRDA:78,10,0,0
BRDA:78,10,1,0
BRDA:91,11,0,0
BRDA:91,11,1,0
BRDA:91,12,0,0
BRDA:91,12,1,0
BRDA:91,12,2,0
BRDA:91,12,3,0
BRDA:94,13,0,0
BRDA:94,13,1,0
BRDA:98,14,0,0
BRDA:98,14,1,0
BRDA:111,15,0,0
BRDA:111,15,1,0
BRDA:113,16,0,0
BRDA:113,16,1,0
BRDA:117,17,0,0
BRDA:117,17,1,0
BRDA:119,18,0,0
BRDA:119,18,1,0
BRDA:119,19,0,0
BRDA:119,19,1,0
BRDA:121,20,0,0
BRDA:121,20,1,0
BRDA:126,21,0,0
BRDA:126,21,1,0
BRDA:138,22,0,0
BRDA:138,22,1,0
BRDA:138,23,0,0
BRDA:138,23,1,0
BRDA:140,24,0,0
BRDA:140,24,1,0
BRDA:144,25,0,0
BRDA:144,25,1,0
BRDA:153,26,0,0
BRDA:153,26,1,0
BRDA:153,27,0,0
BRDA:153,27,1,0
BRDA:153,27,2,0
BRDA:159,28,0,0
BRDA:159,28,1,0
BRDA:163,29,0,0
BRDA:163,29,1,0
BRDA:163,30,0,0
BRDA:163,30,1,0
BRDA:167,31,0,0
BRDA:167,31,1,0
BRDA:171,32,0,0
BRDA:171,32,1,0
BRDA:173,33,0,0
BRDA:173,33,1,0
BRDA:176,34,0,0
BRDA:176,34,1,0
BRDA:176,35,0,0
BRDA:176,35,1,0
BRDA:205,36,0,0
BRDA:205,36,1,0
BRDA:210,37,0,0
BRDA:210,37,1,0
BRDA:212,38,0,0
BRDA:212,38,1,0
BRDA:215,39,0,0
BRDA:215,39,1,0
BRDA:217,40,0,0
BRDA:217,40,1,0
BRDA:231,41,0,0
BRDA:231,41,1,0
BRDA:234,42,0,0
BRDA:234,42,1,0
BRDA:239,43,0,0
BRDA:239,43,1,0
BRDA:241,44,0,0
BRDA:241,44,1,0
BRDA:241,45,0,0
BRDA:241,45,1,0
BRDA:241,45,2,0
BRDA:246,46,0,0
BRDA:246,46,1,0
BRDA:246,47,0,0
BRDA:246,47,1,0
BRDA:274,48,0,0
BRDA:274,48,1,0
BRDA:279,49,0,0
BRDA:279,49,1,0
BRDA:281,50,0,0
BRDA:281,50,1,0
BRDA:284,51,0,0
BRDA:284,51,1,0
BRDA:286,52,0,0
BRDA:286,52,1,0
BRDA:361,53,0,0
BRDA:361,54,0,0
BRDA:363,55,0,0
BRDA:363,55,1,0
BRDA:367,56,0,0
BRDA:367,56,1,0
BRDA:367,57,0,0
BRDA:367,57,1,0
BRDA:371,58,0,0
BRDA:371,58,1,0
BRDA:371,59,0,0
BRDA:371,59,1,0
BRDA:392,60,0,0
BRDA:392,61,0,0
BRDA:393,62,0,0
BRDA:393,62,1,0
BRDA:397,63,0,0
BRDA:397,63,1,0
BRDA:427,64,0,0
BRDA:427,64,1,0
BRDA:432,65,0,0
BRDA:432,65,1,0
BRDA:435,66,0,0
BRDA:435,66,1,0
BRDA:439,67,0,0
BRDA:439,67,1,0
BRDA:439,68,0,0
BRDA:439,68,1,0
BRDA:443,69,0,0
BRDA:443,69,1,0
BRDA:446,70,0,0
BRDA:446,70,1,0
BRDA:451,71,0,0
BRDA:451,71,1,0
BRDA:451,72,0,0
BRDA:451,72,1,0
BRDA:451,72,2,0
BRDA:451,72,3,0
BRDA:456,73,0,0
BRDA:456,73,1,0
BRDA:456,74,0,0
BRDA:456,74,1,0
BRDA:456,74,2,0
BRDA:461,75,0,0
BRDA:461,75,1,0
BRDA:462,76,0,0
BRDA:462,76,1,0
BRDA:465,77,0,0
BRDA:465,77,1,0
BRDA:473,78,0,0
BRDA:473,78,1,0
BRDA:473,79,0,0
BRDA:473,79,1,0
BRDA:473,79,2,0
BRDA:478,80,0,0
BRDA:478,80,1,0
BRDA:478,81,0,0
BRDA:478,81,1,0
BRDA:482,82,0,0
BRDA:482,82,1,0
BRDA:482,83,0,0
BRDA:482,83,1,0
BRDA:486,84,0,0
BRDA:486,84,1,0
BRDA:490,85,0,0
BRDA:490,85,1,0
BRF:177
BRH:0
end_of_record
TN:
SF:validators\category.validator.js
FN:16,(anonymous_0)
FN:28,(anonymous_1)
FN:69,(anonymous_2)
FN:103,(anonymous_3)
FN:154,(anonymous_4)
FN:195,(anonymous_5)
FN:230,(anonymous_6)
FN:259,(anonymous_7)
FNF:8
FNH:0
FNDA:0,(anonymous_0)
FNDA:0,(anonymous_1)
FNDA:0,(anonymous_2)
FNDA:0,(anonymous_3)
FNDA:0,(anonymous_4)
FNDA:0,(anonymous_5)
FNDA:0,(anonymous_6)
FNDA:0,(anonymous_7)
DA:1,0
DA:2,0
DA:3,0
DA:6,0
DA:11,0
DA:17,0
DA:18,0
DA:19,0
DA:20,0
DA:22,0
DA:25,0
DA:29,0
DA:30,0
DA:31,0
DA:32,0
DA:34,0
DA:37,0
DA:42,0
DA:62,0
DA:70,0
DA:71,0
DA:73,0
DA:94,0
DA:104,0
DA:105,0
DA:106,0
DA:107,0
DA:114,0
DA:115,0
DA:117,0
DA:118,0
DA:119,0
DA:125,0
DA:126,0
DA:127,0
DA:130,0
DA:135,0
DA:151,0
DA:156,0
DA:158,0
DA:160,0
DA:161,0
DA:162,0
DA:166,0
DA:167,0
DA:168,0
DA:171,0
DA:192,0
DA:197,0
DA:199,0
DA:201,0
DA:202,0
DA:203,0
DA:207,0
DA:208,0
DA:209,0
DA:212,0
DA:231,0
DA:232,0
DA:234,0
DA:256,0
DA:260,0
DA:263,0
DA:267,0
DA:268,0
DA:275,0
DA:283,0
DA:284,0
DA:290,0
LF:69
LH:0
BRDA:17,0,0,0
BRDA:17,0,1,0
BRDA:19,1,0,0
BRDA:19,1,1,0
BRDA:19,2,0,0
BRDA:19,2,1,0
BRDA:29,3,0,0
BRDA:29,3,1,0
BRDA:31,4,0,0
BRDA:31,4,1,0
BRDA:70,5,0,0
BRDA:70,5,1,0
BRDA:70,6,0,0
BRDA:70,6,1,0
BRDA:104,7,0,0
BRDA:104,7,1,0
BRDA:106,8,0,0
BRDA:106,8,1,0
BRDA:118,9,0,0
BRDA:118,9,1,0
BRDA:156,10,0,0
BRDA:156,10,1,0
BRDA:158,11,0,0
BRDA:158,11,1,0
BRDA:161,12,0,0
BRDA:161,12,1,0
BRDA:167,13,0,0
BRDA:167,13,1,0
BRDA:197,14,0,0
BRDA:197,14,1,0
BRDA:199,15,0,0
BRDA:199,15,1,0
BRDA:202,16,0,0
BRDA:202,16,1,0
BRDA:208,17,0,0
BRDA:208,17,1,0
BRDA:231,18,0,0
BRDA:231,18,1,0
BRDA:231,19,0,0
BRDA:231,19,1,0
BRDA:267,20,0,0
BRDA:267,20,1,0
BRDA:283,21,0,0
BRDA:283,21,1,0
BRF:44
BRH:0
end_of_record
TN:
SF:validators\collection.validator.js
FNF:0
FNH:0
DA:1,0
DA:15,0
DA:43,0
DA:70,0
DA:87,0
DA:106,0
DA:116,0
LF:7
LH:0
BRF:0
BRH:0
end_of_record
TN:
SF:validators\journal.validator.js
FNF:0
FNH:0
DA:1,0
DA:9,0
LF:2
LH:0
BRF:0
BRH:0
end_of_record
TN:
SF:validators\order.validator.js
FN:27,(anonymous_0)
FN:39,(anonymous_1)
FN:77,(anonymous_2)
FNF:3
FNH:0
FNDA:0,(anonymous_0)
FNDA:0,(anonymous_1)
FNDA:0,(anonymous_2)
DA:1,0
DA:2,0
DA:21,0
DA:28,0
DA:29,0
DA:30,0
DA:32,0
DA:40,0
DA:41,0
DA:42,0
DA:48,0
DA:49,0
DA:55,0
DA:56,0
DA:61,0
DA:62,0
DA:63,0
DA:66,0
DA:68,0
DA:69,0
DA:72,0
DA:73,0
DA:77,0
DA:78,0
DA:79,0
DA:83,0
DA:84,0
DA:85,0
DA:88,0
DA:91,0
DA:92,0
DA:97,0
DA:99,0
DA:102,0
DA:103,0
DA:140,0
DA:165,0
DA:189,0
DA:209,0
DA:231,0
DA:252,0
DA:267,0
LF:42
LH:0
BRDA:29,0,0,0
BRDA:29,0,1,0
BRDA:41,1,0,0
BRDA:41,1,1,0
BRDA:41,2,0,0
BRDA:41,2,1,0
BRDA:48,3,0,0
BRDA:48,3,1,0
BRDA:48,4,0,0
BRDA:48,4,1,0
BRDA:55,5,0,0
BRDA:55,5,1,0
BRDA:55,6,0,0
BRDA:55,6,1,0
BRDA:62,7,0,0
BRDA:62,7,1,0
BRDA:66,8,0,0
BRDA:66,8,1,0
BRDA:68,9,0,0
BRDA:68,9,1,0
BRDA:72,10,0,0
BRDA:72,10,1,0
BRDA:78,11,0,0
BRDA:78,11,1,0
BRDA:84,12,0,0
BRDA:84,12,1,0
BRDA:91,13,0,0
BRDA:91,13,1,0
BRDA:97,14,0,0
BRDA:97,14,1,0
BRDA:102,15,0,0
BRDA:102,15,1,0
BRF:32
BRH:0
end_of_record
TN:
SF:validators\product.validator.js
FN:8,(anonymous_0)
FN:9,(anonymous_1)
FN:10,(anonymous_2)
FN:11,(anonymous_3)
FN:12,(anonymous_4)
FN:13,(anonymous_5)
FN:14,(anonymous_6)
FN:15,(anonymous_7)
FN:63,(anonymous_8)
FN:85,(anonymous_9)
FN:142,(anonymous_10)
FN:203,(anonymous_11)
FN:216,(anonymous_12)
FN:228,(anonymous_13)
FN:239,(anonymous_14)
FN:250,(anonymous_15)
FN:256,(anonymous_16)
FN:268,(anonymous_17)
FN:278,(anonymous_18)
FN:322,(anonymous_19)
FN:358,(anonymous_20)
FN:388,(anonymous_21)
FN:423,(anonymous_22)
FN:456,(anonymous_23)
FN:474,(anonymous_24)
FN:494,(anonymous_25)
FN:528,(anonymous_26)
FNF:27
FNH:0
FNDA:0,(anonymous_0)
FNDA:0,(anonymous_1)
FNDA:0,(anonymous_2)
FNDA:0,(anonymous_3)
FNDA:0,(anonymous_4)
FNDA:0,(anonymous_5)
FNDA:0,(anonymous_6)
FNDA:0,(anonymous_7)
FNDA:0,(anonymous_8)
FNDA:0,(anonymous_9)
FNDA:0,(anonymous_10)
FNDA:0,(anonymous_11)
FNDA:0,(anonymous_12)
FNDA:0,(anonymous_13)
FNDA:0,(anonymous_14)
FNDA:0,(anonymous_15)
FNDA:0,(anonymous_16)
FNDA:0,(anonymous_17)
FNDA:0,(anonymous_18)
FNDA:0,(anonymous_19)
FNDA:0,(anonymous_20)
FNDA:0,(anonymous_21)
FNDA:0,(anonymous_22)
FNDA:0,(anonymous_23)
FNDA:0,(anonymous_24)
FNDA:0,(anonymous_25)
FNDA:0,(anonymous_26)
DA:1,0
DA:2,0
DA:3,0
DA:4,0
DA:7,0
DA:8,0
DA:9,0
DA:10,0
DA:11,0
DA:12,0
DA:13,0
DA:14,0
DA:15,0
DA:35,0
DA:64,0
DA:65,0
DA:66,0
DA:67,0
DA:69,0
DA:71,0
DA:86,0
DA:89,0
DA:91,0
DA:92,0
DA:95,0
DA:96,0
DA:99,0
DA:100,0
DA:103,0
DA:104,0
DA:107,0
DA:108,0
DA:111,0
DA:112,0
DA:116,0
DA:117,0
DA:118,0
DA:119,0
DA:121,0
DA:122,0
DA:127,0
DA:128,0
DA:129,0
DA:130,0
DA:135,0
DA:143,0
DA:145,0
DA:147,0
DA:149,0
DA:150,0
DA:154,0
DA:155,0
DA:156,0
DA:157,0
DA:160,0
DA:164,0
DA:167,0
DA:168,0
DA:169,0
DA:170,0
DA:175,0
DA:178,0
DA:200,0
DA:204,0
DA:205,0
DA:206,0
DA:208,0
DA:217,0
DA:218,0
DA:219,0
DA:221,0
DA:229,0
DA:230,0
DA:231,0
DA:233,0
DA:240,0
DA:241,0
DA:242,0
DA:244,0
DA:251,0
DA:252,0
DA:253,0
DA:255,0
DA:257,0
DA:258,0
DA:259,0
DA:261,0
DA:269,0
DA:270,0
DA:271,0
DA:273,0
DA:279,0
DA:280,0
DA:281,0
DA:283,0
DA:309,0
DA:324,0
DA:326,0
DA:328,0
DA:329,0
DA:330,0
DA:334,0
DA:342,0
DA:343,0
DA:346,0
DA:359,0
DA:360,0
DA:361,0
DA:363,0
DA:385,0
DA:390,0
DA:392,0
DA:394,0
DA:395,0
DA:396,0
DA:400,0
DA:401,0
DA:402,0
DA:405,0
DA:420,0
DA:424,0
DA:425,0
DA:426,0
DA:429,0
DA:430,0
DA:432,0
DA:453,0
DA:457,0
DA:458,0
DA:459,0
DA:462,0
DA:463,0
DA:465,0
DA:475,0
DA:476,0
DA:477,0
DA:479,0
DA:495,0
DA:496,0
DA:497,0
DA:499,0
DA:525,0
DA:529,0
DA:530,0
DA:531,0
DA:533,0
LF:146
LH:0
BRDA:66,0,0,0
BRDA:66,0,1,0
BRDA:86,1,0,0
BRDA:86,1,1,0
BRDA:95,2,0,0
BRDA:95,2,1,0
BRDA:95,3,0,0
BRDA:95,3,1,0
BRDA:95,3,2,0
BRDA:99,4,0,0
BRDA:99,4,1,0
BRDA:103,5,0,0
BRDA:103,5,1,0
BRDA:107,6,0,0
BRDA:107,6,1,0
BRDA:107,7,0,0
BRDA:107,7,1,0
BRDA:107,7,2,0
BRDA:111,8,0,0
BRDA:111,8,1,0
BRDA:116,9,0,0
BRDA:116,9,1,0
BRDA:118,10,0,0
BRDA:118,10,1,0
BRDA:118,11,0,0
BRDA:118,11,1,0
BRDA:121,12,0,0
BRDA:121,12,1,0
BRDA:121,13,0,0
BRDA:121,13,1,0
BRDA:127,14,0,0
BRDA:127,14,1,0
BRDA:129,15,0,0
BRDA:129,15,1,0
BRDA:129,16,0,0
BRDA:129,16,1,0
BRDA:129,16,2,0
BRDA:143,17,0,0
BRDA:143,17,1,0
BRDA:149,18,0,0
BRDA:149,18,1,0
BRDA:149,19,0,0
BRDA:149,19,1,0
BRDA:149,19,2,0
BRDA:156,20,0,0
BRDA:156,20,1,0
BRDA:164,21,0,0
BRDA:164,21,1,0
BRDA:167,22,0,0
BRDA:167,22,1,0
BRDA:169,23,0,0
BRDA:169,23,1,0
BRDA:205,24,0,0
BRDA:205,24,1,0
BRDA:218,25,0,0
BRDA:218,25,1,0
BRDA:230,26,0,0
BRDA:230,26,1,0
BRDA:241,27,0,0
BRDA:241,27,1,0
BRDA:252,28,0,0
BRDA:252,28,1,0
BRDA:258,29,0,0
BRDA:258,29,1,0
BRDA:270,30,0,0
BRDA:270,30,1,0
BRDA:280,31,0,0
BRDA:280,31,1,0
BRDA:324,32,0,0
BRDA:324,32,1,0
BRDA:326,33,0,0
BRDA:326,33,1,0
BRDA:329,34,0,0
BRDA:329,34,1,0
BRDA:342,35,0,0
BRDA:342,35,1,0
BRDA:360,36,0,0
BRDA:360,36,1,0
BRDA:390,37,0,0
BRDA:390,37,1,0
BRDA:392,38,0,0
BRDA:392,38,1,0
BRDA:395,39,0,0
BRDA:395,39,1,0
BRDA:401,40,0,0
BRDA:401,40,1,0
BRDA:425,41,0,0
BRDA:425,41,1,0
BRDA:429,42,0,0
BRDA:429,42,1,0
BRDA:429,43,0,0
BRDA:429,43,1,0
BRDA:458,44,0,0
BRDA:458,44,1,0
BRDA:462,45,0,0
BRDA:462,45,1,0
BRDA:462,46,0,0
BRDA:462,46,1,0
BRDA:476,47,0,0
BRDA:476,47,1,0
BRDA:496,48,0,0
BRDA:496,48,1,0
BRDA:530,49,0,0
BRDA:530,49,1,0
BRF:104
BRH:0
end_of_record
TN:
SF:validators\review.validator.js
FN:11,(anonymous_0)
FN:14,(anonymous_1)
FN:46,(anonymous_2)
FN:76,(anonymous_3)
FN:139,(anonymous_4)
FNF:5
FNH:0
FNDA:0,(anonymous_0)
FNDA:0,(anonymous_1)
FNDA:0,(anonymous_2)
FNDA:0,(anonymous_3)
FNDA:0,(anonymous_4)
DA:1,0
DA:2,0
DA:11,0
DA:12,0
DA:13,0
DA:14,0
DA:21,0
DA:32,0
DA:40,0
DA:47,0
DA:48,0
DA:49,0
DA:51,0
DA:71,0
DA:77,0
DA:78,0
DA:79,0
DA:80,0
DA:83,0
DA:102,0
DA:135,0
DA:140,0
DA:141,0
DA:142,0
DA:144,0
DA:152,0
LF:26
LH:0
BRDA:13,0,0,0
BRDA:13,0,1,0
BRDA:48,1,0,0
BRDA:48,1,1,0
BRDA:77,2,0,0
BRDA:77,2,1,0
BRDA:79,3,0,0
BRDA:79,3,1,0
BRDA:141,4,0,0
BRDA:141,4,1,0
BRF:10
BRH:0
end_of_record
TN:
SF:validators\role.validator.js
FN:12,(anonymous_0)
FN:30,(anonymous_1)
FN:45,(anonymous_2)
FN:63,(anonymous_3)
FN:100,(anonymous_4)
FN:107,(anonymous_5)
FNF:6
FNH:0
FNDA:0,(anonymous_0)
FNDA:0,(anonymous_1)
FNDA:0,(anonymous_2)
FNDA:0,(anonymous_3)
FNDA:0,(anonymous_4)
FNDA:0,(anonymous_5)
DA:1,0
DA:2,0
DA:3,0
DA:6,0
DA:14,0
DA:15,0
DA:16,0
DA:18,0
DA:27,0
DA:32,0
DA:33,0
DA:34,0
DA:36,0
DA:41,0
DA:47,0
DA:48,0
DA:49,0
DA:52,0
DA:53,0
DA:54,0
DA:56,0
DA:61,0
DA:64,0
DA:65,0
DA:66,0
DA:70,0
DA:71,0
DA:72,0
DA:76,0
DA:77,0
DA:78,0
DA:81,0
DA:100,0
DA:101,0
DA:102,0
DA:103,0
DA:104,0
DA:107,0
DA:113,0
DA:116,0
LF:40
LH:0
BRDA:15,0,0,0
BRDA:15,0,1,0
BRDA:15,1,0,0
BRDA:15,1,1,0
BRDA:33,2,0,0
BRDA:33,2,1,0
BRDA:48,3,0,0
BRDA:48,3,1,0
BRDA:53,4,0,0
BRDA:53,4,1,0
BRDA:65,5,0,0
BRDA:65,5,1,0
BRDA:71,6,0,0
BRDA:71,6,1,0
BRDA:77,7,0,0
BRDA:77,7,1,0
BRDA:102,8,0,0
BRDA:102,8,1,0
BRF:18
BRH:0
end_of_record
TN:
SF:validators\subadmin.validator.js
FN:5,(anonymous_0)
FN:8,(anonymous_1)
FNF:2
FNH:0
FNDA:0,(anonymous_0)
FNDA:0,(anonymous_1)
DA:1,0
DA:2,0
DA:5,0
DA:6,0
DA:7,0
DA:8,0
DA:9,0
DA:11,0
DA:15,0
DA:65,0
DA:89,0
DA:120,0
DA:141,0
DA:150,0
DA:159,0
DA:168,0
LF:16
LH:0
BRDA:7,0,0,0
BRDA:7,0,1,0
BRF:2
BRH:0
end_of_record
TN:
SF:validators\supply.validator.js
FN:31,(anonymous_0)
FN:78,(anonymous_1)
FN:90,(anonymous_2)
FN:146,(anonymous_3)
FN:147,(anonymous_4)
FN:168,(anonymous_5)
FN:169,(anonymous_6)
FN:172,(anonymous_7)
FN:184,(anonymous_8)
FNF:9
FNH:0
FNDA:0,(anonymous_0)
FNDA:0,(anonymous_1)
FNDA:0,(anonymous_2)
FNDA:0,(anonymous_3)
FNDA:0,(anonymous_4)
FNDA:0,(anonymous_5)
FNDA:0,(anonymous_6)
FNDA:0,(anonymous_7)
FNDA:0,(anonymous_8)
DA:1,0
DA:2,0
DA:3,0
DA:19,0
DA:32,0
DA:33,0
DA:34,0
DA:37,0
DA:45,0
DA:46,0
DA:48,0
DA:75,0
DA:79,0
DA:80,0
DA:84,0
DA:85,0
DA:86,0
DA:87,0
DA:88,0
DA:90,0
DA:91,0
DA:92,0
DA:95,0
DA:96,0
DA:100,0
DA:101,0
DA:105,0
DA:106,0
DA:110,0
DA:111,0
DA:112,0
DA:113,0
DA:114,0
DA:118,0
DA:119,0
DA:120,0
DA:121,0
DA:122,0
DA:126,0
DA:127,0
DA:131,0
DA:137,0
DA:138,0
DA:141,0
DA:142,0
DA:146,0
DA:147,0
DA:149,0
DA:157,0
DA:168,0
DA:169,0
DA:171,0
DA:172,0
DA:173,0
DA:174,0
DA:176,0
DA:177,0
DA:180,0
DA:181,0
DA:184,0
DA:185,0
DA:186,0
DA:190,0
DA:191,0
DA:195,0
DA:196,0
LF:66
LH:0
BRDA:33,0,0,0
BRDA:33,0,1,0
BRDA:45,1,0,0
BRDA:45,1,1,0
BRDA:79,2,0,0
BRDA:79,2,1,0
BRDA:79,3,0,0
BRDA:79,3,1,0
BRDA:95,4,0,0
BRDA:95,4,1,0
BRDA:95,5,0,0
BRDA:95,5,1,0
BRDA:95,5,2,0
BRDA:100,6,0,0
BRDA:100,6,1,0
BRDA:100,7,0,0
BRDA:100,7,1,0
BRDA:100,7,2,0
BRDA:105,8,0,0
BRDA:105,8,1,0
BRDA:105,9,0,0
BRDA:105,9,1,0
BRDA:105,9,2,0
BRDA:110,10,0,0
BRDA:110,10,1,0
BRDA:112,11,0,0
BRDA:112,11,1,0
BRDA:118,12,0,0
BRDA:118,12,1,0
BRDA:120,13,0,0
BRDA:120,13,1,0
BRDA:126,14,0,0
BRDA:126,14,1,0
BRDA:137,15,0,0
BRDA:137,15,1,0
BRDA:141,16,0,0
BRDA:141,16,1,0
BRDA:176,17,0,0
BRDA:176,17,1,0
BRDA:180,18,0,0
BRDA:180,18,1,0
BRDA:185,19,0,0
BRDA:185,19,1,0
BRDA:185,20,0,0
BRDA:185,20,1,0
BRDA:185,20,2,0
BRDA:190,21,0,0
BRDA:190,21,1,0
BRF:48
BRH:0
end_of_record
TN:
SF:validators\user.validator.js
FN:32,(anonymous_0)
FN:103,(anonymous_1)
FN:140,(anonymous_2)
FN:148,(anonymous_3)
FN:158,(anonymous_4)
FN:189,(anonymous_5)
FN:200,(anonymous_6)
FN:229,(anonymous_7)
FN:253,(anonymous_8)
FNF:9
FNH:0
FNDA:0,(anonymous_0)
FNDA:0,(anonymous_1)
FNDA:0,(anonymous_2)
FNDA:0,(anonymous_3)
FNDA:0,(anonymous_4)
FNDA:0,(anonymous_5)
FNDA:0,(anonymous_6)
FNDA:0,(anonymous_7)
FNDA:0,(anonymous_8)
DA:1,0
DA:2,0
DA:3,0
DA:6,0
DA:34,0
DA:35,0
DA:36,0
DA:37,0
DA:42,0
DA:43,0
DA:44,0
DA:46,0
DA:84,0
DA:104,0
DA:105,0
DA:110,0
DA:111,0
DA:114,0
DA:136,0
DA:141,0
DA:142,0
DA:143,0
DA:145,0
DA:150,0
DA:151,0
DA:159,0
DA:160,0
DA:165,0
DA:166,0
DA:169,0
DA:185,0
DA:190,0
DA:191,0
DA:192,0
DA:194,0
DA:201,0
DA:206,0
DA:207,0
DA:209,0
DA:224,0
DA:230,0
DA:231,0
DA:232,0
DA:234,0
DA:253,0
DA:254,0
DA:255,0
DA:256,0
DA:262,0
DA:265,0
LF:50
LH:0
BRDA:34,0,0,0
BRDA:34,0,1,0
BRDA:36,1,0,0
BRDA:36,1,1,0
BRDA:36,2,0,0
BRDA:36,2,1,0
BRDA:43,3,0,0
BRDA:43,3,1,0
BRDA:104,4,0,0
BRDA:104,4,1,0
BRDA:104,5,0,0
BRDA:104,5,1,0
BRDA:110,6,0,0
BRDA:110,6,1,0
BRDA:142,7,0,0
BRDA:142,7,1,0
BRDA:150,8,0,0
BRDA:150,8,1,0
BRDA:150,9,0,0
BRDA:150,9,1,0
BRDA:150,9,2,0
BRDA:159,10,0,0
BRDA:159,10,1,0
BRDA:159,11,0,0
BRDA:159,11,1,0
BRDA:165,12,0,0
BRDA:165,12,1,0
BRDA:191,13,0,0
BRDA:191,13,1,0
BRDA:206,14,0,0
BRDA:206,14,1,0
BRDA:231,15,0,0
BRDA:231,15,1,0
BRDA:255,16,0,0
BRDA:255,16,1,0
BRF:35
BRH:0
end_of_record
TN:
SF:validators\vendor.validator.js
FN:64,(anonymous_0)
FN:174,(anonymous_1)
FNF:2
FNH:0
FNDA:0,(anonymous_0)
FNDA:0,(anonymous_1)
DA:1,0
DA:2,0
DA:3,0
DA:4,0
DA:26,0
DA:65,0
DA:68,0
DA:69,0
DA:71,0
DA:122,0
DA:174,0
DA:175,0
DA:176,0
DA:177,0
DA:183,0
DA:186,0
LF:16
LH:0
BRDA:68,0,0,0
BRDA:68,0,1,0
BRDA:68,1,0,0
BRDA:68,1,1,0
BRDA:176,2,0,0
BRDA:176,2,1,0
BRF:6
BRH:0
end_of_record
TN:
SF:validators\wishlist.validator.js
FN:39,(anonymous_0)
FN:77,(anonymous_1)
FN:111,(anonymous_2)
FN:148,(anonymous_3)
FN:183,(anonymous_4)
FN:197,(anonymous_5)
FN:354,(anonymous_6)
FN:381,(anonymous_7)
FNF:8
FNH:0
FNDA:0,(anonymous_0)
FNDA:0,(anonymous_1)
FNDA:0,(anonymous_2)
FNDA:0,(anonymous_3)
FNDA:0,(anonymous_4)
FNDA:0,(anonymous_5)
FNDA:0,(anonymous_6)
FNDA:0,(anonymous_7)
DA:1,0
DA:2,0
DA:3,0
DA:19,0
DA:40,0
DA:42,0
DA:43,0
DA:50,0
DA:51,0
DA:54,0
DA:73,0
DA:78,0
DA:85,0
DA:86,0
DA:89,0
DA:112,0
DA:113,0
DA:114,0
DA:117,0
DA:125,0
DA:126,0
DA:129,0
DA:144,0
DA:149,0
DA:156,0
DA:157,0
DA:160,0
DA:179,0
DA:184,0
DA:185,0
DA:186,0
DA:188,0
DA:189,0
DA:191,0
DA:198,0
DA:199,0
DA:206,0
DA:207,0
DA:210,0
DA:241,0
DA:268,0
DA:287,0
DA:318,0
DA:354,0
DA:355,0
DA:362,0
DA:363,0
DA:366,0
DA:381,0
DA:382,0
DA:394,0
DA:395,0
DA:398,0
LF:53
LH:0
BRDA:40,0,0,0
BRDA:40,0,1,0
BRDA:50,1,0,0
BRDA:50,1,1,0
BRDA:85,2,0,0
BRDA:85,2,1,0
BRDA:112,3,0,0
BRDA:112,3,1,0
BRDA:125,4,0,0
BRDA:125,4,1,0
BRDA:156,5,0,0
BRDA:156,5,1,0
BRDA:185,6,0,0
BRDA:185,6,1,0
BRDA:188,7,0,0
BRDA:188,7,1,0
BRDA:198,8,0,0
BRDA:198,8,1,0
BRDA:206,9,0,0
BRDA:206,9,1,0
BRDA:362,10,0,0
BRDA:362,10,1,0
BRDA:394,11,0,0
BRDA:394,11,1,0
BRF:24
BRH:0
end_of_record
